
*** WARNING ***                                
*** WARNING *** EdwardsTeng()                  
*** WARNING *** "Horizontal" matrix does not 
*** WARNING *** pass symplecticity test.       
*** WARNING *** JH( 0, 0 ) = 5.55112e-16
*** WARNING *** JH( 1, 1 ) = -7.77156e-16
*** WARNING ***                                
*** WARNING *** The ratio is 0.166667
*** WARNING ***                                

*** WARNING ***                                
*** WARNING *** EdwardsTeng()                  
*** WARNING *** "Vertical" matrix does not   
*** WARNING *** pass symplecticity test.       
*** WARNING *** JV( 0, 0 ) = 6.38378e-16
*** WARNING *** JV( 1, 1 ) = -7.49401e-16
*** WARNING ***                                
*** WARNING *** The ratio is 0.08
*** WARNING ***                                

*** WARNING ***                                
*** WARNING *** EdwardsTeng()                  
*** WARNING *** "Horizontal" matrix does not 
*** WARNING *** pass symplecticity test.       
*** WARNING *** JH( 0, 0 ) = -6.80012e-15
*** WARNING *** JH( 1, 1 ) = 6.71685e-15
*** WARNING ***                                
*** WARNING *** The ratio is 0.00616016
*** WARNING ***                                

Tune: horizontal = 0.280439   vertical = 0.284177
Element:  OO

0  --------------------------------------------
infoPtr->beta.hor  33.6626
infoPtr->beta.ver  5.26775
infoPtr->alpha.hor -0.00891269
infoPtr->alpha.ver -0.0571362
infoPtr->phi       0
infoPtr->D 
( 0, 0,  )
( 0, 0,  )


Element:  OO

1  --------------------------------------------
infoPtr->beta.hor  33.670582
infoPtr->beta.ver  5.3191711
infoPtr->alpha.hor -0.017825372
infoPtr->alpha.ver -0.11427249
infoPtr->phi       0
infoPtr->D 
( 0, 0,  )
( 0, 0,  )


Element:  EF

2  --------------------------------------------
infoPtr->beta.hor  33.670582
infoPtr->beta.ver  5.3191711
infoPtr->alpha.hor -0.046996217
infoPtr->alpha.ver -0.10966417
infoPtr->phi       0
infoPtr->D 
( 0, 0,  )
( 0, 0,  )


Element:  F

3  --------------------------------------------
infoPtr->beta.hor  32.798166
infoPtr->beta.ver  5.7330872
infoPtr->alpha.hor 1.2442449
infoPtr->alpha.ver -0.46815565
infoPtr->phi       0
infoPtr->D 
( 0, 0,  )
( 0, 0,  )


Element:  F

4  --------------------------------------------
infoPtr->beta.hor  30.146725
infoPtr->beta.ver  6.6989143
infoPtr->alpha.hor 2.3944238
infoPtr->alpha.ver -0.88012258
infoPtr->phi       0
infoPtr->D 
( 0, 0,  )
( 0, 0,  )


Element:  F

5  --------------------------------------------
infoPtr->beta.hor  26.016859
infoPtr->beta.ver  8.3269749
infoPtr->alpha.hor 3.273143
infoPtr->alpha.ver -1.3926222
infoPtr->phi       0
infoPtr->D 
( 0, 0,  )
( 0, 0,  )


Element:  F

6  --------------------------------------------
infoPtr->beta.hor  20.876777
infoPtr->beta.ver  10.803235
infoPtr->alpha.hor 3.7807805
infoPtr->alpha.ver -2.0641952
infoPtr->phi       0
infoPtr->D 
( 0, 0,  )
( 0, 0,  )


Element:  EF

7  --------------------------------------------
infoPtr->beta.hor  20.876777
infoPtr->beta.ver  10.803235
infoPtr->alpha.hor 3.7626937
infoPtr->alpha.ver -2.0548357
infoPtr->phi       0
infoPtr->D 
( 0, 0,  )
( 0, 0,  )


Element:  O

8  --------------------------------------------
infoPtr->beta.hor  19.040809
infoPtr->beta.ver  11.860866
infoPtr->alpha.hor 3.5811779
infoPtr->alpha.ver -2.1756872
infoPtr->phi       0
infoPtr->D 
( 0, 0,  )
( 0, 0,  )


Element:  O

9  --------------------------------------------
infoPtr->beta.hor  17.295599
infoPtr->beta.ver  12.978922
infoPtr->alpha.hor 3.399662
infoPtr->alpha.ver -2.2965387
infoPtr->phi       0
infoPtr->D 
( 0, 0,  )
( 0, 0,  )


Element:  ED

10  --------------------------------------------
infoPtr->beta.hor  17.295599
infoPtr->beta.ver  12.978922
infoPtr->alpha.hor 3.3888282
infoPtr->alpha.ver -2.2884088
infoPtr->phi       0
infoPtr->D 
( 0, 0,  )
( 0, 0,  )


Element:  D

11  --------------------------------------------
infoPtr->beta.hor  13.19948
infoPtr->beta.ver  16.076688
infoPtr->alpha.hor 2.3319354
infoPtr->alpha.ver -1.960861
infoPtr->phi       0
infoPtr->D 
( 0, 0,  )
( 0, 0,  )


Element:  D

12  --------------------------------------------
infoPtr->beta.hor  10.415283
infoPtr->beta.ver  18.526362
infoPtr->alpha.hor 1.5565573
infoPtr->alpha.ver -1.399409
infoPtr->phi       0
infoPtr->D 
( 0, 0,  )
( 0, 0,  )


Element:  D

13  --------------------------------------------
infoPtr->beta.hor  8.6068967
infoPtr->beta.ver  20.035733
infoPtr->alpha.hor 0.96908914
infoPtr->alpha.ver -0.67102664
infoPtr->phi       0
infoPtr->D 
( 0, 0,  )
( 0, 0,  )


Element:  D

14  --------------------------------------------
infoPtr->beta.hor  7.55601
infoPtr->beta.ver  20.424753
infoPtr->alpha.hor 0.49861087
infoPtr->alpha.ver 0.13740011
infoPtr->phi       0
infoPtr->D 
( 0, 0,  )
( 0, 0,  )


Element:  ED

15  --------------------------------------------
infoPtr->beta.hor  7.55601
infoPtr->beta.ver  20.424753
infoPtr->alpha.hor 0.49387786
infoPtr->alpha.ver 0.15019397
infoPtr->phi       0
infoPtr->D 
( 0, 0,  )
( 0, 0,  )


Element:  OOO

16  --------------------------------------------
infoPtr->beta.hor  6.4447848
infoPtr->beta.ver  20.086816
infoPtr->alpha.hor 0.24693893
infoPtr->alpha.ver 0.075096984
infoPtr->phi       0
infoPtr->D 
( 0, 0,  )
( 0, 0,  )


Element:  OOO

17  --------------------------------------------
infoPtr->beta.hor  6.0743764
infoPtr->beta.ver  19.974171
infoPtr->alpha.hor 5.6542071e-16
infoPtr->alpha.ver 6.5338502e-16
infoPtr->phi       0
infoPtr->D 
( 0, 0,  )
( 0, 0,  )


Element:  OOO

18  --------------------------------------------
infoPtr->beta.hor  6.4447848
infoPtr->beta.ver  20.086816
infoPtr->alpha.hor -0.24693893
infoPtr->alpha.ver -0.075096984
infoPtr->phi       0
infoPtr->D 
( 0, 0,  )
( 0, 0,  )


Element:  OOO

19  --------------------------------------------
infoPtr->beta.hor  7.55601
infoPtr->beta.ver  20.424753
infoPtr->alpha.hor -0.49387786
infoPtr->alpha.ver -0.15019397
infoPtr->phi       0
infoPtr->D 
( 0, 0,  )
( 0, 0,  )


Element:  ED

20  --------------------------------------------
infoPtr->beta.hor  7.55601
infoPtr->beta.ver  20.424753
infoPtr->alpha.hor -0.49861087
infoPtr->alpha.ver -0.13740011
infoPtr->phi       0
infoPtr->D 
( 0, 0,  )
( 0, 0,  )


Element:  D

21  --------------------------------------------
infoPtr->beta.hor  8.6068967
infoPtr->beta.ver  20.035733
infoPtr->alpha.hor -0.96908914
infoPtr->alpha.ver 0.67102664
infoPtr->phi       0
infoPtr->D 
( 0, 0,  )
( 0, 0,  )


Element:  D

22  --------------------------------------------
infoPtr->beta.hor  10.415283
infoPtr->beta.ver  18.526362
infoPtr->alpha.hor -1.5565573
infoPtr->alpha.ver 1.399409
infoPtr->phi       0
infoPtr->D 
( 0, 0,  )
( 0, 0,  )


Element:  D

23  --------------------------------------------
infoPtr->beta.hor  13.19948
infoPtr->beta.ver  16.076688
infoPtr->alpha.hor -2.3319354
infoPtr->alpha.ver 1.960861
infoPtr->phi       0
infoPtr->D 
( 0, 0,  )
( 0, 0,  )


Element:  D

24  --------------------------------------------
infoPtr->beta.hor  17.295599
infoPtr->beta.ver  12.978922
infoPtr->alpha.hor -3.3888282
infoPtr->alpha.ver 2.2884088
infoPtr->phi       0
infoPtr->D 
( 0, 0,  )
( 0, 0,  )


Element:  ED

25  --------------------------------------------
infoPtr->beta.hor  17.295599
infoPtr->beta.ver  12.978922
infoPtr->alpha.hor -3.399662
infoPtr->alpha.ver 2.2965387
infoPtr->phi       0
infoPtr->D 
( 0, 0,  )
( 0, 0,  )


Element:  O

26  --------------------------------------------
infoPtr->beta.hor  19.040809
infoPtr->beta.ver  11.860866
infoPtr->alpha.hor -3.5811779
infoPtr->alpha.ver 2.1756872
infoPtr->phi       0
infoPtr->D 
( 0, 0,  )
( 0, 0,  )


Element:  O

27  --------------------------------------------
infoPtr->beta.hor  20.876777
infoPtr->beta.ver  10.803235
infoPtr->alpha.hor -3.7626937
infoPtr->alpha.ver 2.0548357
infoPtr->phi       0
infoPtr->D 
( 0, 0,  )
( 0, 0,  )


Element:  EF

28  --------------------------------------------
infoPtr->beta.hor  20.876777
infoPtr->beta.ver  10.803235
infoPtr->alpha.hor -3.7807805
infoPtr->alpha.ver 2.0641952
infoPtr->phi       0
infoPtr->D 
( 0, 0,  )
( 0, 0,  )


Element:  F

29  --------------------------------------------
infoPtr->beta.hor  26.016859
infoPtr->beta.ver  8.3269749
infoPtr->alpha.hor -3.273143
infoPtr->alpha.ver 1.3926222
infoPtr->phi       0
infoPtr->D 
( 0, 0,  )
( 0, 0,  )


Element:  F

30  --------------------------------------------
infoPtr->beta.hor  30.146725
infoPtr->beta.ver  6.6989143
infoPtr->alpha.hor -2.3944238
infoPtr->alpha.ver 0.88012258
infoPtr->phi       0
infoPtr->D 
( 0, 0,  )
( 0, 0,  )


Element:  F

31  --------------------------------------------
infoPtr->beta.hor  32.798166
infoPtr->beta.ver  5.7330872
infoPtr->alpha.hor -1.2442449
infoPtr->alpha.ver 0.46815565
infoPtr->phi       0
infoPtr->D 
( 0, 0,  )
( 0, 0,  )


Element:  F

32  --------------------------------------------
infoPtr->beta.hor  33.670582
infoPtr->beta.ver  5.3191711
infoPtr->alpha.hor 0.046996217
infoPtr->alpha.ver 0.10966417
infoPtr->phi       0
infoPtr->D 
( 0, 0,  )
( 0, 0,  )


Element:  EF

33  --------------------------------------------
infoPtr->beta.hor  33.670582
infoPtr->beta.ver  5.3191711
infoPtr->alpha.hor 0.017825372
infoPtr->alpha.ver 0.11427249
infoPtr->phi       0
infoPtr->D 
( 0, 0,  )
( 0, 0,  )


Element:  OO

34  --------------------------------------------
infoPtr->beta.hor  33.66256
infoPtr->beta.ver  5.2677485
infoPtr->alpha.hor 0.008912686
infoPtr->alpha.ver 0.057136245
infoPtr->phi       0
infoPtr->D 
( 0, 0,  )
( 0, 0,  )


Element:  OO

35  --------------------------------------------
infoPtr->beta.hor  33.659886
infoPtr->beta.ver  5.2506076
infoPtr->alpha.hor -6.9264037e-15
infoPtr->alpha.ver -4.2612067e-16
infoPtr->phi       0
infoPtr->D 
( 0, 0,  )
( 0, 0,  )



*** WARNING *** 
*** WARNING *** Inserting beamlines into beamlines provides
*** WARNING *** unreliable geometry information.
*** WARNING *** This will be fixed.
*** WARNING *** 
