Command line: norm_A  4  1  5  7  0.01

DGN> Gonna do some tracking now ...
0,  0,  0,  0,  0,  0,  
0,  0,  0,  0,  0,  0,  
0,  0,  0,  0,  0,  0,  
0,  0,  0,  0,  0,  0,  
0,  0,  0,  0,  0,  0,  
0,  0,  0,  0,  0,  0,  
0,  0,  0,  0,  0,  0,  
0,  0,  0,  0,  0,  0,  
0,  0,  0,  0,  0,  0,  
0,  0,  0,  0,  0,  0,  
0,  0,  0,  0,  0,  0,  
0,  0,  0,  0,  0,  0,  
0,  0,  0,  0,  0,  0,  
0,  0,  0,  0,  0,  0,  
0,  0,  0,  0,  0,  0,  
0,  0,  0,  0,  0,  0,  
0,  0,  0,  0,  0,  0,  
0,  0,  0,  0,  0,  0,  
0,  0,  0,  0,  0,  0,  
0,  0,  0,  0,  0,  0,  
0,  0,  0,  0,  0,  0,  
0,  0,  0,  0,  0,  0,  
0,  0,  0,  0,  0,  0,  
0,  0,  0,  0,  0,  0,  
0,  0,  0,  0,  0,  0,  
0,  0,  0,  0,  0,  0,  
0,  0,  0,  0,  0,  0,  
0,  0,  0,  0,  0,  0,  
0,  0,  0,  0,  0,  0,  
0,  0,  0,  0,  0,  0,  
0,  0,  0,  0,  0,  0,  
0,  0,  0,  0,  0,  0,  
0,  0,  0,  0,  0,  0,  
0,  0,  0,  0,  0,  0,  
0,  0,  0,  0,  0,  0,  
0,  0,  0,  0,  0,  0,  
0,  0,  0,  0,  0,  0,  
0,  0,  0,  0,  0,  0,  
0,  0,  0,  0,  0,  0,  
0,  0,  0,  0,  0,  0,  
0,  0,  0,  0,  0,  0,  
0,  0,  0,  0,  0,  0,  
0,  0,  0,  0,  0,  0,  
0,  0,  0,  0,  0,  0,  
0,  0,  0,  0,  0,  0,  
0,  0,  0,  0,  0,  0,  
0,  0,  0,  0,  0,  0,  
0,  0,  0,  0,  0,  0,  
0,  0,  0,  0,  0,  0,  
0,  0,  0,  0,  0,  0,  
0,  0,  0,  0,  0,  0,  
0,  0,  0,  0,  0,  0,  
0,  0,  0,  0,  0,  0,  
0,  0,  0,  0,  0,  0,  
0,  0,  0,  0,  0,  0,  
0,  0,  0,  0,  0,  0,  
0,  0,  0,  0,  0,  0,  
0,  0,  0,  0,  0,  0,  
0,  0,  0,  0,  0,  0,  
0,  0,  0,  0,  0,  0,  
0,  0,  0,  0,  0,  0,  
0,  0,  0,  0,  0,  0,  
0,  0,  0,  0,  0,  0,  
0,  0,  0,  0,  0,  0,  
0,  0,  0,  0,  0,  0,  
0,  0,  0,  0,  0,  0,  
0,  0,  0,  0,  0,  0,  
0,  0,  0,  0,  0,  0,  
0,  0,  0,  0,  0,  0,  
0,  0,  0,  0,  0,  0,  
0,  0,  0,  0,  0,  0,  
0,  0,  0,  0,  0,  0,  
0,  0,  0,  0,  0,  0,  
0,  0,  0,  0,  0,  0,  
0,  0,  0,  0,  0,  0,  
0,  0,  0,  0,  0,  0,  
0,  0,  0,  0,  0,  0,  
0,  0,  0,  0,  0,  0,  
0,  0,  0,  0,  0,  0,  
0,  0,  0,  0,  0,  0,  
0,  0,  0,  0,  0,  0,  
0,  0,  0,  0,  0,  0,  
0,  0,  0,  0,  0,  0,  
0,  0,  0,  0,  0,  0,  
0,  0,  0,  0,  0,  0,  
0,  0,  0,  0,  0,  0,  
0,  0,  0,  0,  0,  0,  
0,  0,  0,  0,  0,  0,  
0,  0,  0,  0,  0,  0,  
0,  0,  0,  0,  0,  0,  
0,  0,  0,  0,  0,  0,  
0,  0,  0,  0,  0,  0,  
0,  0,  0,  0,  0,  0,  
0,  0,  0,  0,  0,  0,  
0,  0,  0,  0,  0,  0,  
0,  0,  0,  0,  0,  0,  
0,  0,  0,  0,  0,  0,  
0,  0,  0,  0,  0,  0,  
0,  0,  0,  0,  0,  0,  
0,  0,  0,  0,  0,  0,  
beta.hor  14.0326
beta.ver  14.0326
alpha.hor 1.07061
alpha.ver -1.07061
phi       0
D 
( 0, 0,  )
( 0, 0,  )


Predicted horizontal frequency shift coefficient: 1.4768531
Predicted vertical   frequency shift coefficient: 1.4768531

We are going to subtract ( 0, 0, 0, 0, 0, 0 )



Begin JetVector::printCoeffs() ......
Dimension: 6, Weight = 4, Max accurate weight = 4
JetVector reference point: 
0.000000e+00  0.000000e+00  0.000000e+00  0.000000e+00  0.000000e+00  0.000000e+00  

JetVector::printCoeffs(): Component 0

Count  = 17, Weight = 4, Max accurate weight = 4
Reference point: 
0.000000e+00  0.000000e+00  0.000000e+00  0.000000e+00  0.000000e+00  0.000000e+00  

Index:    0  0  0  0  0  0   Value:   0.000000e+00  
Index:    0  0  0  1  0  0   Value:   9.362245e+00  
Index:    1  0  0  0  0  0   Value:   1.459184e+00  
Index:    0  0  0  1  0  1   Value:  -8.086735e+00  
Index:    1  0  0  0  0  1   Value:  -2.040816e-01  
Index:    0  0  0  1  0  2   Value:   6.173469e+00  
Index:    0  0  0  1  2  0   Value:   4.681122e+00  
Index:    0  0  0  3  0  0   Value:   4.681122e+00  
Index:    1  0  0  0  0  2   Value:  -5.102041e-02  
Index:    1  2  0  0  0  0   Value:   2.808673e-01  
Index:    3  0  0  0  0  0   Value:  -9.362245e-02  
Index:    0  0  0  1  0  3   Value:  -3.622449e+00  
Index:    0  0  0  1  2  1   Value:  -1.340561e+01  
Index:    0  0  0  3  0  1   Value:  -1.340561e+01  
Index:    1  0  0  0  0  3   Value:   3.061224e-01  
Index:    1  2  0  0  0  1   Value:  -2.426020e-01  
Index:    3  0  0  0  0  1   Value:   8.086735e-02  


JetVector::printCoeffs(): Component 1

Count  = 17, Weight = 4, Max accurate weight = 4
Reference point: 
0.000000e+00  0.000000e+00  0.000000e+00  0.000000e+00  0.000000e+00  0.000000e+00  

Index:    0  0  0  0  0  0   Value:   0.000000e+00  
Index:    0  0  0  0  1  0   Value:   9.362245e+00  
Index:    0  1  0  0  0  0   Value:   3.061224e-02  
Index:    0  0  0  0  1  1   Value:  -8.086735e+00  
Index:    0  1  0  0  0  1   Value:   1.224490e+00  
Index:    0  0  0  0  1  2   Value:   6.173469e+00  
Index:    0  0  0  0  3  0   Value:   4.681122e+00  
Index:    0  0  0  2  1  0   Value:   4.681122e+00  
Index:    0  1  0  0  0  2   Value:  -1.479592e+00  
Index:    0  3  0  0  0  0   Value:  -9.362245e-02  
Index:    2  1  0  0  0  0   Value:   2.808673e-01  
Index:    0  0  0  0  1  3   Value:  -3.622449e+00  
Index:    0  0  0  0  3  1   Value:  -1.340561e+01  
Index:    0  0  0  2  1  1   Value:  -1.340561e+01  
Index:    0  1  0  0  0  3   Value:   1.734694e+00  
Index:    0  3  0  0  0  1   Value:   8.086735e-02  
Index:    2  1  0  0  0  1   Value:  -2.426020e-01  


JetVector::printCoeffs(): Component 2

Count  = 43, Weight = 4, Max accurate weight = 4
Reference point: 
0.000000e+00  0.000000e+00  0.000000e+00  0.000000e+00  0.000000e+00  0.000000e+00  

Index:    0  0  0  0  0  0   Value:   0.000000e+00  
Index:    0  0  0  0  0  1   Value:  -8.842696e-02  
Index:    0  0  1  0  0  0   Value:   1.000000e+00  
Index:    0  0  0  0  0  2   Value:   1.322512e-01  
Index:    0  0  0  0  2  0   Value:   4.966595e+00  
Index:    0  0  0  2  0  0   Value:   5.881711e+00  
Index:    0  1  0  0  1  0   Value:  -8.351085e-01  
Index:    0  2  0  0  0  0   Value:   6.431957e-02  
Index:    1  0  0  1  0  0   Value:   9.658394e-01  
Index:    2  0  0  0  0  0   Value:   6.431957e-02  
Index:    0  0  0  0  0  3   Value:  -1.756896e-01  
Index:    0  0  0  0  2  1   Value:  -9.571649e+00  
Index:    0  0  0  2  0  1   Value:  -1.415528e+01  
Index:    0  1  0  0  1  1   Value:   1.847519e+00  
Index:    0  2  0  0  0  1   Value:  -1.553516e-01  
Index:    1  0  0  1  0  1   Value:  -2.502324e+00  
Index:    2  0  0  0  0  1   Value:  -1.553516e-01  
Index:    0  0  0  0  0  4   Value:   2.186500e-01  
Index:    0  0  0  0  2  2   Value:   1.327112e+01  
Index:    0  0  0  0  4  0   Value:   3.122478e+00  
Index:    0  0  0  2  0  2   Value:   2.705019e+01  
Index:    0  0  0  2  2  0   Value:   9.263609e+00  
Index:    0  0  0  4  0  0   Value:   3.438204e+00  
Index:    0  1  0  0  1  2   Value:  -3.029299e+00  
Index:    0  1  0  0  3  0   Value:   7.579516e-02  
Index:    0  1  0  2  1  0   Value:   7.365384e-03  
Index:    0  2  0  0  0  2   Value:   2.866799e-01  
Index:    0  2  0  0  2  0   Value:  -7.352074e-02  
Index:    0  2  0  2  0  0   Value:  -4.719996e-02  
Index:    0  3  0  0  1  0   Value:  -9.267906e-02  
Index:    0  4  0  0  0  0   Value:   8.055594e-03  
Index:    1  0  0  1  0  2   Value:   4.997737e+00  
Index:    1  0  0  1  2  0   Value:   2.900756e-01  
Index:    1  0  0  3  0  0   Value:  -4.137594e-01  
Index:    1  1  0  1  1  0   Value:   8.825197e-02  
Index:    1  2  0  1  0  0   Value:   3.430079e-01  
Index:    2  0  0  0  0  2   Value:   2.866799e-01  
Index:    2  0  0  0  2  0   Value:  -2.450691e-02  
Index:    2  0  0  2  0  0   Value:  -1.415999e-01  
Index:    2  1  0  0  1  0   Value:   3.046485e-01  
Index:    2  2  0  0  0  0   Value:   3.330941e-03  
Index:    3  0  0  1  0  0   Value:  -1.275289e-01  
Index:    4  0  0  0  0  0   Value:  -9.953886e-03  


JetVector::printCoeffs(): Component 3

Count  = 29, Weight = 4, Max accurate weight = 4
Reference point: 
0.000000e+00  0.000000e+00  0.000000e+00  0.000000e+00  0.000000e+00  0.000000e+00  

Index:    0  0  0  0  0  0   Value:   0.000000e+00  
Index:    0  0  0  1  0  0   Value:   3.061224e-02  
Index:    1  0  0  0  0  0   Value:  -1.020408e-01  
Index:    0  0  0  1  0  1   Value:   1.224490e+00  
Index:    1  0  0  0  0  1   Value:   1.020408e-01  
Index:    0  0  0  1  0  2   Value:  -1.479592e+00  
Index:    0  0  0  1  2  0   Value:  -1.728393e-02  
Index:    0  0  0  3  0  0   Value:   1.529178e-02  
Index:    0  1  0  1  1  0   Value:   4.558050e-03  
Index:    0  2  0  1  0  0   Value:  -1.593724e-04  
Index:    1  0  0  0  0  2   Value:  -1.020408e-01  
Index:    1  0  0  0  2  0   Value:   1.086335e-01  
Index:    1  0  0  2  0  0   Value:   1.434351e-04  
Index:    1  1  0  0  1  0   Value:  -1.519350e-02  
Index:    1  2  0  0  0  0   Value:   1.449609e-03  
Index:    2  0  0  1  0  0   Value:  -4.781171e-04  
Index:    3  0  0  0  0  0   Value:   2.251188e-04  
Index:    0  0  0  1  0  3   Value:   1.734694e+00  
Index:    0  0  0  1  2  1   Value:  -6.476734e-01  
Index:    0  0  0  3  0  1   Value:   5.799401e-01  
Index:    0  1  0  1  1  1   Value:   1.680104e-01  
Index:    0  2  0  1  0  1   Value:  -5.737405e-03  
Index:    1  0  0  0  0  3   Value:   1.020408e-01  
Index:    1  0  0  0  2  1   Value:  -3.562876e-01  
Index:    1  0  0  2  0  1   Value:   1.104451e-02  
Index:    1  1  0  0  1  1   Value:   6.289896e-02  
Index:    1  2  0  0  0  1   Value:   3.407849e-02  
Index:    2  0  0  1  0  1   Value:  -1.721222e-02  
Index:    3  0  0  0  0  1   Value:  -1.490110e-02  


JetVector::printCoeffs(): Component 4

Count  = 29, Weight = 4, Max accurate weight = 4
Reference point: 
0.000000e+00  0.000000e+00  0.000000e+00  0.000000e+00  0.000000e+00  0.000000e+00  

Index:    0  0  0  0  0  0   Value:   0.000000e+00  
Index:    0  0  0  0  1  0   Value:   1.459184e+00  
Index:    0  1  0  0  0  0   Value:  -1.020408e-01  
Index:    0  0  0  0  1  1   Value:  -2.040816e-01  
Index:    0  1  0  0  0  1   Value:   1.020408e-01  
Index:    0  0  0  0  1  2   Value:  -5.102041e-02  
Index:    0  0  0  0  3  0   Value:  -8.238675e-01  
Index:    0  0  0  2  1  0   Value:   7.289081e-01  
Index:    0  1  0  0  0  2   Value:  -1.020408e-01  
Index:    0  1  0  0  2  0   Value:   3.259006e-01  
Index:    0  1  0  2  0  0   Value:   4.781171e-05  
Index:    0  2  0  0  1  0   Value:  -2.279025e-02  
Index:    0  3  0  0  0  0   Value:  -1.406060e-02  
Index:    1  0  0  1  1  0   Value:   4.558050e-03  
Index:    1  1  0  1  0  0   Value:  -3.187447e-04  
Index:    2  0  0  0  1  0   Value:  -7.596750e-03  
Index:    2  1  0  0  0  0   Value:   4.430675e-02  
Index:    0  0  0  0  1  3   Value:   3.061224e-01  
Index:    0  0  0  0  3  1   Value:   2.197495e+00  
Index:    0  0  0  2  1  1   Value:  -1.614458e+00  
Index:    0  1  0  0  0  3   Value:   1.020408e-01  
Index:    0  1  0  0  2  1   Value:  -1.068863e+00  
Index:    0  1  0  2  0  1   Value:   3.681502e-03  
Index:    0  2  0  0  1  1   Value:   9.434844e-02  
Index:    0  3  0  0  0  1   Value:  -6.153898e-04  
Index:    1  0  0  1  1  1   Value:   1.680104e-01  
Index:    1  1  0  1  0  1   Value:  -1.147481e-02  
Index:    2  0  0  0  1  1   Value:   3.144948e-02  
Index:    2  1  0  0  0  1   Value:  -8.778655e-03  


JetVector::printCoeffs(): Component 5

Count  = 2, Weight = 1, Max accurate weight = 4
Reference point: 
0.000000e+00  0.000000e+00  0.000000e+00  0.000000e+00  0.000000e+00  0.000000e+00  

Index:    0  0  0  0  0  0   Value:   0.000000e+00  
Index:    0  0  0  0  0  1   Value:   1.000000e+00  


End JetVector::printCoeffs() ......



Begin JetVector::printCoeffs() ......
Dimension: 6, Weight = 4, Max accurate weight = 4
JetVector reference point: 
0.000000e+00  0.000000e+00  0.000000e+00  0.000000e+00  0.000000e+00  0.000000e+00  

JetVector::printCoeffs(): Component 0

Count  = 17, Weight = 4, Max accurate weight = 4
Reference point: 
0.000000e+00  0.000000e+00  0.000000e+00  0.000000e+00  0.000000e+00  0.000000e+00  

Index:    0  0  0  0  0  0   Value:   0.000000e+00  
Index:    0  0  0  1  0  0   Value:   9.362245e+00  
Index:    1  0  0  0  0  0   Value:   1.459184e+00  
Index:    0  0  0  1  0  1   Value:  -8.086735e+00  
Index:    1  0  0  0  0  1   Value:  -2.040816e-01  
Index:    0  0  0  1  0  2   Value:   6.173469e+00  
Index:    0  0  0  1  2  0   Value:   4.681122e+00  
Index:    0  0  0  3  0  0   Value:   4.681122e+00  
Index:    1  0  0  0  0  2   Value:  -5.102041e-02  
Index:    1  2  0  0  0  0   Value:   2.808673e-01  
Index:    3  0  0  0  0  0   Value:  -9.362245e-02  
Index:    0  0  0  1  0  3   Value:  -3.622449e+00  
Index:    0  0  0  1  2  1   Value:  -1.340561e+01  
Index:    0  0  0  3  0  1   Value:  -1.340561e+01  
Index:    1  0  0  0  0  3   Value:   3.061224e-01  
Index:    1  2  0  0  0  1   Value:  -2.426020e-01  
Index:    3  0  0  0  0  1   Value:   8.086735e-02  


JetVector::printCoeffs(): Component 1

Count  = 17, Weight = 4, Max accurate weight = 4
Reference point: 
0.000000e+00  0.000000e+00  0.000000e+00  0.000000e+00  0.000000e+00  0.000000e+00  

Index:    0  0  0  0  0  0   Value:   0.000000e+00  
Index:    0  0  0  0  1  0   Value:   9.362245e+00  
Index:    0  1  0  0  0  0   Value:   3.061224e-02  
Index:    0  0  0  0  1  1   Value:  -8.086735e+00  
Index:    0  1  0  0  0  1   Value:   1.224490e+00  
Index:    0  0  0  0  1  2   Value:   6.173469e+00  
Index:    0  0  0  0  3  0   Value:   4.681122e+00  
Index:    0  0  0  2  1  0   Value:   4.681122e+00  
Index:    0  1  0  0  0  2   Value:  -1.479592e+00  
Index:    0  3  0  0  0  0   Value:  -9.362245e-02  
Index:    2  1  0  0  0  0   Value:   2.808673e-01  
Index:    0  0  0  0  1  3   Value:  -3.622449e+00  
Index:    0  0  0  0  3  1   Value:  -1.340561e+01  
Index:    0  0  0  2  1  1   Value:  -1.340561e+01  
Index:    0  1  0  0  0  3   Value:   1.734694e+00  
Index:    0  3  0  0  0  1   Value:   8.086735e-02  
Index:    2  1  0  0  0  1   Value:  -2.426020e-01  


JetVector::printCoeffs(): Component 2

Count  = 43, Weight = 4, Max accurate weight = 4
Reference point: 
0.000000e+00  0.000000e+00  0.000000e+00  0.000000e+00  0.000000e+00  0.000000e+00  

Index:    0  0  0  0  0  0   Value:   0.000000e+00  
Index:    0  0  0  0  0  1   Value:  -8.842696e-02  
Index:    0  0  1  0  0  0   Value:   1.000000e+00  
Index:    0  0  0  0  0  2   Value:   1.322512e-01  
Index:    0  0  0  0  2  0   Value:   4.966595e+00  
Index:    0  0  0  2  0  0   Value:   5.881711e+00  
Index:    0  1  0  0  1  0   Value:  -8.351085e-01  
Index:    0  2  0  0  0  0   Value:   6.431957e-02  
Index:    1  0  0  1  0  0   Value:   9.658394e-01  
Index:    2  0  0  0  0  0   Value:   6.431957e-02  
Index:    0  0  0  0  0  3   Value:  -1.756896e-01  
Index:    0  0  0  0  2  1   Value:  -9.571649e+00  
Index:    0  0  0  2  0  1   Value:  -1.415528e+01  
Index:    0  1  0  0  1  1   Value:   1.847519e+00  
Index:    0  2  0  0  0  1   Value:  -1.553516e-01  
Index:    1  0  0  1  0  1   Value:  -2.502324e+00  
Index:    2  0  0  0  0  1   Value:  -1.553516e-01  
Index:    0  0  0  0  0  4   Value:   2.186500e-01  
Index:    0  0  0  0  2  2   Value:   1.327112e+01  
Index:    0  0  0  0  4  0   Value:   3.122478e+00  
Index:    0  0  0  2  0  2   Value:   2.705019e+01  
Index:    0  0  0  2  2  0   Value:   9.263609e+00  
Index:    0  0  0  4  0  0   Value:   3.438204e+00  
Index:    0  1  0  0  1  2   Value:  -3.029299e+00  
Index:    0  1  0  0  3  0   Value:   7.579516e-02  
Index:    0  1  0  2  1  0   Value:   7.365384e-03  
Index:    0  2  0  0  0  2   Value:   2.866799e-01  
Index:    0  2  0  0  2  0   Value:  -7.352074e-02  
Index:    0  2  0  2  0  0   Value:  -4.719996e-02  
Index:    0  3  0  0  1  0   Value:  -9.267906e-02  
Index:    0  4  0  0  0  0   Value:   8.055594e-03  
Index:    1  0  0  1  0  2   Value:   4.997737e+00  
Index:    1  0  0  1  2  0   Value:   2.900756e-01  
Index:    1  0  0  3  0  0   Value:  -4.137594e-01  
Index:    1  1  0  1  1  0   Value:   8.825197e-02  
Index:    1  2  0  1  0  0   Value:   3.430079e-01  
Index:    2  0  0  0  0  2   Value:   2.866799e-01  
Index:    2  0  0  0  2  0   Value:  -2.450691e-02  
Index:    2  0  0  2  0  0   Value:  -1.415999e-01  
Index:    2  1  0  0  1  0   Value:   3.046485e-01  
Index:    2  2  0  0  0  0   Value:   3.330941e-03  
Index:    3  0  0  1  0  0   Value:  -1.275289e-01  
Index:    4  0  0  0  0  0   Value:  -9.953886e-03  


JetVector::printCoeffs(): Component 3

Count  = 29, Weight = 4, Max accurate weight = 4
Reference point: 
0.000000e+00  0.000000e+00  0.000000e+00  0.000000e+00  0.000000e+00  0.000000e+00  

Index:    0  0  0  0  0  0   Value:   0.000000e+00  
Index:    0  0  0  1  0  0   Value:   3.061224e-02  
Index:    1  0  0  0  0  0   Value:  -1.020408e-01  
Index:    0  0  0  1  0  1   Value:   1.224490e+00  
Index:    1  0  0  0  0  1   Value:   1.020408e-01  
Index:    0  0  0  1  0  2   Value:  -1.479592e+00  
Index:    0  0  0  1  2  0   Value:  -1.728393e-02  
Index:    0  0  0  3  0  0   Value:   1.529178e-02  
Index:    0  1  0  1  1  0   Value:   4.558050e-03  
Index:    0  2  0  1  0  0   Value:  -1.593724e-04  
Index:    1  0  0  0  0  2   Value:  -1.020408e-01  
Index:    1  0  0  0  2  0   Value:   1.086335e-01  
Index:    1  0  0  2  0  0   Value:   1.434351e-04  
Index:    1  1  0  0  1  0   Value:  -1.519350e-02  
Index:    1  2  0  0  0  0   Value:   1.449609e-03  
Index:    2  0  0  1  0  0   Value:  -4.781171e-04  
Index:    3  0  0  0  0  0   Value:   2.251188e-04  
Index:    0  0  0  1  0  3   Value:   1.734694e+00  
Index:    0  0  0  1  2  1   Value:  -6.476734e-01  
Index:    0  0  0  3  0  1   Value:   5.799401e-01  
Index:    0  1  0  1  1  1   Value:   1.680104e-01  
Index:    0  2  0  1  0  1   Value:  -5.737405e-03  
Index:    1  0  0  0  0  3   Value:   1.020408e-01  
Index:    1  0  0  0  2  1   Value:  -3.562876e-01  
Index:    1  0  0  2  0  1   Value:   1.104451e-02  
Index:    1  1  0  0  1  1   Value:   6.289896e-02  
Index:    1  2  0  0  0  1   Value:   3.407849e-02  
Index:    2  0  0  1  0  1   Value:  -1.721222e-02  
Index:    3  0  0  0  0  1   Value:  -1.490110e-02  


JetVector::printCoeffs(): Component 4

Count  = 29, Weight = 4, Max accurate weight = 4
Reference point: 
0.000000e+00  0.000000e+00  0.000000e+00  0.000000e+00  0.000000e+00  0.000000e+00  

Index:    0  0  0  0  0  0   Value:   0.000000e+00  
Index:    0  0  0  0  1  0   Value:   1.459184e+00  
Index:    0  1  0  0  0  0   Value:  -1.020408e-01  
Index:    0  0  0  0  1  1   Value:  -2.040816e-01  
Index:    0  1  0  0  0  1   Value:   1.020408e-01  
Index:    0  0  0  0  1  2   Value:  -5.102041e-02  
Index:    0  0  0  0  3  0   Value:  -8.238675e-01  
Index:    0  0  0  2  1  0   Value:   7.289081e-01  
Index:    0  1  0  0  0  2   Value:  -1.020408e-01  
Index:    0  1  0  0  2  0   Value:   3.259006e-01  
Index:    0  1  0  2  0  0   Value:   4.781171e-05  
Index:    0  2  0  0  1  0   Value:  -2.279025e-02  
Index:    0  3  0  0  0  0   Value:  -1.406060e-02  
Index:    1  0  0  1  1  0   Value:   4.558050e-03  
Index:    1  1  0  1  0  0   Value:  -3.187447e-04  
Index:    2  0  0  0  1  0   Value:  -7.596750e-03  
Index:    2  1  0  0  0  0   Value:   4.430675e-02  
Index:    0  0  0  0  1  3   Value:   3.061224e-01  
Index:    0  0  0  0  3  1   Value:   2.197495e+00  
Index:    0  0  0  2  1  1   Value:  -1.614458e+00  
Index:    0  1  0  0  0  3   Value:   1.020408e-01  
Index:    0  1  0  0  2  1   Value:  -1.068863e+00  
Index:    0  1  0  2  0  1   Value:   3.681502e-03  
Index:    0  2  0  0  1  1   Value:   9.434844e-02  
Index:    0  3  0  0  0  1   Value:  -6.153898e-04  
Index:    1  0  0  1  1  1   Value:   1.680104e-01  
Index:    1  1  0  1  0  1   Value:  -1.147481e-02  
Index:    2  0  0  0  1  1   Value:   3.144948e-02  
Index:    2  1  0  0  0  1   Value:  -8.778655e-03  


JetVector::printCoeffs(): Component 5

Count  = 2, Weight = 1, Max accurate weight = 4
Reference point: 
0.000000e+00  0.000000e+00  0.000000e+00  0.000000e+00  0.000000e+00  0.000000e+00  

Index:    0  0  0  0  0  0   Value:   0.000000e+00  
Index:    0  0  0  0  0  1   Value:   1.000000e+00  


End JetVector::printCoeffs() ......

DGN> Hang on, everybody. Here we goooo...!
DGN> Filtered map:


Begin JetVector::printCoeffs() ......
Dimension: 6, Weight = 3, Max accurate weight = 4
JetVector reference point: 
0.000000e+00  0.000000e+00  0.000000e+00  0.000000e+00  0.000000e+00  0.000000e+00  

JetVector::printCoeffs(): Component 0

Count  = 7, Weight = 3, Max accurate weight = 4
Reference point: 
0.000000e+00  0.000000e+00  0.000000e+00  0.000000e+00  0.000000e+00  0.000000e+00  

Index:    0  0  0  0  0  0   Value:   0.000000e+00  
Index:    0  0  0  1  0  0   Value:   9.362245e+00  
Index:    1  0  0  0  0  0   Value:   1.459184e+00  
Index:    0  0  0  1  2  0   Value:   4.681122e+00  
Index:    0  0  0  3  0  0   Value:   4.681122e+00  
Index:    1  2  0  0  0  0   Value:   2.808673e-01  
Index:    3  0  0  0  0  0   Value:  -9.362245e-02  


JetVector::printCoeffs(): Component 1

Count  = 7, Weight = 3, Max accurate weight = 4
Reference point: 
0.000000e+00  0.000000e+00  0.000000e+00  0.000000e+00  0.000000e+00  0.000000e+00  

Index:    0  0  0  0  0  0   Value:   0.000000e+00  
Index:    0  0  0  0  1  0   Value:   9.362245e+00  
Index:    0  1  0  0  0  0   Value:   3.061224e-02  
Index:    0  0  0  0  3  0   Value:   4.681122e+00  
Index:    0  0  0  2  1  0   Value:   4.681122e+00  
Index:    0  3  0  0  0  0   Value:  -9.362245e-02  
Index:    2  1  0  0  0  0   Value:   2.808673e-01  


JetVector::printCoeffs(): Component 2

Count  = 2, Weight = 1, Max accurate weight = 4
Reference point: 
0.000000e+00  0.000000e+00  0.000000e+00  0.000000e+00  0.000000e+00  0.000000e+00  

Index:    0  0  0  0  0  0   Value:   0.000000e+00  
Index:    0  0  1  0  0  0   Value:   1.000000e+00  


JetVector::printCoeffs(): Component 3

Count  = 13, Weight = 3, Max accurate weight = 4
Reference point: 
0.000000e+00  0.000000e+00  0.000000e+00  0.000000e+00  0.000000e+00  0.000000e+00  

Index:    0  0  0  0  0  0   Value:   0.000000e+00  
Index:    0  0  0  1  0  0   Value:   3.061224e-02  
Index:    1  0  0  0  0  0   Value:  -1.020408e-01  
Index:    0  0  0  1  2  0   Value:  -1.728393e-02  
Index:    0  0  0  3  0  0   Value:   1.529178e-02  
Index:    0  1  0  1  1  0   Value:   4.558050e-03  
Index:    0  2  0  1  0  0   Value:  -1.593724e-04  
Index:    1  0  0  0  2  0   Value:   1.086335e-01  
Index:    1  0  0  2  0  0   Value:   1.434351e-04  
Index:    1  1  0  0  1  0   Value:  -1.519350e-02  
Index:    1  2  0  0  0  0   Value:   1.449609e-03  
Index:    2  0  0  1  0  0   Value:  -4.781171e-04  
Index:    3  0  0  0  0  0   Value:   2.251188e-04  


JetVector::printCoeffs(): Component 4

Count  = 13, Weight = 3, Max accurate weight = 4
Reference point: 
0.000000e+00  0.000000e+00  0.000000e+00  0.000000e+00  0.000000e+00  0.000000e+00  

Index:    0  0  0  0  0  0   Value:   0.000000e+00  
Index:    0  0  0  0  1  0   Value:   1.459184e+00  
Index:    0  1  0  0  0  0   Value:  -1.020408e-01  
Index:    0  0  0  0  3  0   Value:  -8.238675e-01  
Index:    0  0  0  2  1  0   Value:   7.289081e-01  
Index:    0  1  0  0  2  0   Value:   3.259006e-01  
Index:    0  1  0  2  0  0   Value:   4.781171e-05  
Index:    0  2  0  0  1  0   Value:  -2.279025e-02  
Index:    0  3  0  0  0  0   Value:  -1.406060e-02  
Index:    1  0  0  1  1  0   Value:   4.558050e-03  
Index:    1  1  0  1  0  0   Value:  -3.187447e-04  
Index:    2  0  0  0  1  0   Value:  -7.596750e-03  
Index:    2  1  0  0  0  0   Value:   4.430675e-02  


JetVector::printCoeffs(): Component 5

Count  = 2, Weight = 1, Max accurate weight = 4
Reference point: 
0.000000e+00  0.000000e+00  0.000000e+00  0.000000e+00  0.000000e+00  0.000000e+00  

Index:    0  0  0  0  0  0   Value:   0.000000e+00  
Index:    0  0  0  0  0  1   Value:   1.000000e+00  


End JetVector::printCoeffs() ......

DGN> Its eigenvalues
( (0.74489796, 0.66717841), (0.74489796, 0.66717841), (1, 0), (0.74489796, -0.66717841), (0.74489796, -0.66717841), (1, 0),  )

DGN> The original map ______________________________


Begin JetVector::printCoeffs() ......
Dimension: 6, Weight = 4, Max accurate weight = 4
JetVector reference point: 
0.000000e+00  0.000000e+00  0.000000e+00  0.000000e+00  0.000000e+00  0.000000e+00  

JetVector::printCoeffs(): Component 0

Count  = 17, Weight = 4, Max accurate weight = 4
Reference point: 
0.000000e+00  0.000000e+00  0.000000e+00  0.000000e+00  0.000000e+00  0.000000e+00  

Index:    0  0  0  0  0  0   Value:   0.000000e+00  
Index:    0  0  0  1  0  0   Value:   9.362245e+00  
Index:    1  0  0  0  0  0   Value:   1.459184e+00  
Index:    0  0  0  1  0  1   Value:  -8.086735e+00  
Index:    1  0  0  0  0  1   Value:  -2.040816e-01  
Index:    0  0  0  1  0  2   Value:   6.173469e+00  
Index:    0  0  0  1  2  0   Value:   4.681122e+00  
Index:    0  0  0  3  0  0   Value:   4.681122e+00  
Index:    1  0  0  0  0  2   Value:  -5.102041e-02  
Index:    1  2  0  0  0  0   Value:   2.808673e-01  
Index:    3  0  0  0  0  0   Value:  -9.362245e-02  
Index:    0  0  0  1  0  3   Value:  -3.622449e+00  
Index:    0  0  0  1  2  1   Value:  -1.340561e+01  
Index:    0  0  0  3  0  1   Value:  -1.340561e+01  
Index:    1  0  0  0  0  3   Value:   3.061224e-01  
Index:    1  2  0  0  0  1   Value:  -2.426020e-01  
Index:    3  0  0  0  0  1   Value:   8.086735e-02  


JetVector::printCoeffs(): Component 1

Count  = 17, Weight = 4, Max accurate weight = 4
Reference point: 
0.000000e+00  0.000000e+00  0.000000e+00  0.000000e+00  0.000000e+00  0.000000e+00  

Index:    0  0  0  0  0  0   Value:   0.000000e+00  
Index:    0  0  0  0  1  0   Value:   9.362245e+00  
Index:    0  1  0  0  0  0   Value:   3.061224e-02  
Index:    0  0  0  0  1  1   Value:  -8.086735e+00  
Index:    0  1  0  0  0  1   Value:   1.224490e+00  
Index:    0  0  0  0  1  2   Value:   6.173469e+00  
Index:    0  0  0  0  3  0   Value:   4.681122e+00  
Index:    0  0  0  2  1  0   Value:   4.681122e+00  
Index:    0  1  0  0  0  2   Value:  -1.479592e+00  
Index:    0  3  0  0  0  0   Value:  -9.362245e-02  
Index:    2  1  0  0  0  0   Value:   2.808673e-01  
Index:    0  0  0  0  1  3   Value:  -3.622449e+00  
Index:    0  0  0  0  3  1   Value:  -1.340561e+01  
Index:    0  0  0  2  1  1   Value:  -1.340561e+01  
Index:    0  1  0  0  0  3   Value:   1.734694e+00  
Index:    0  3  0  0  0  1   Value:   8.086735e-02  
Index:    2  1  0  0  0  1   Value:  -2.426020e-01  


JetVector::printCoeffs(): Component 2

Count  = 43, Weight = 4, Max accurate weight = 4
Reference point: 
0.000000e+00  0.000000e+00  0.000000e+00  0.000000e+00  0.000000e+00  0.000000e+00  

Index:    0  0  0  0  0  0   Value:   0.000000e+00  
Index:    0  0  0  0  0  1   Value:  -8.842696e-02  
Index:    0  0  1  0  0  0   Value:   1.000000e+00  
Index:    0  0  0  0  0  2   Value:   1.322512e-01  
Index:    0  0  0  0  2  0   Value:   4.966595e+00  
Index:    0  0  0  2  0  0   Value:   5.881711e+00  
Index:    0  1  0  0  1  0   Value:  -8.351085e-01  
Index:    0  2  0  0  0  0   Value:   6.431957e-02  
Index:    1  0  0  1  0  0   Value:   9.658394e-01  
Index:    2  0  0  0  0  0   Value:   6.431957e-02  
Index:    0  0  0  0  0  3   Value:  -1.756896e-01  
Index:    0  0  0  0  2  1   Value:  -9.571649e+00  
Index:    0  0  0  2  0  1   Value:  -1.415528e+01  
Index:    0  1  0  0  1  1   Value:   1.847519e+00  
Index:    0  2  0  0  0  1   Value:  -1.553516e-01  
Index:    1  0  0  1  0  1   Value:  -2.502324e+00  
Index:    2  0  0  0  0  1   Value:  -1.553516e-01  
Index:    0  0  0  0  0  4   Value:   2.186500e-01  
Index:    0  0  0  0  2  2   Value:   1.327112e+01  
Index:    0  0  0  0  4  0   Value:   3.122478e+00  
Index:    0  0  0  2  0  2   Value:   2.705019e+01  
Index:    0  0  0  2  2  0   Value:   9.263609e+00  
Index:    0  0  0  4  0  0   Value:   3.438204e+00  
Index:    0  1  0  0  1  2   Value:  -3.029299e+00  
Index:    0  1  0  0  3  0   Value:   7.579516e-02  
Index:    0  1  0  2  1  0   Value:   7.365384e-03  
Index:    0  2  0  0  0  2   Value:   2.866799e-01  
Index:    0  2  0  0  2  0   Value:  -7.352074e-02  
Index:    0  2  0  2  0  0   Value:  -4.719996e-02  
Index:    0  3  0  0  1  0   Value:  -9.267906e-02  
Index:    0  4  0  0  0  0   Value:   8.055594e-03  
Index:    1  0  0  1  0  2   Value:   4.997737e+00  
Index:    1  0  0  1  2  0   Value:   2.900756e-01  
Index:    1  0  0  3  0  0   Value:  -4.137594e-01  
Index:    1  1  0  1  1  0   Value:   8.825197e-02  
Index:    1  2  0  1  0  0   Value:   3.430079e-01  
Index:    2  0  0  0  0  2   Value:   2.866799e-01  
Index:    2  0  0  0  2  0   Value:  -2.450691e-02  
Index:    2  0  0  2  0  0   Value:  -1.415999e-01  
Index:    2  1  0  0  1  0   Value:   3.046485e-01  
Index:    2  2  0  0  0  0   Value:   3.330941e-03  
Index:    3  0  0  1  0  0   Value:  -1.275289e-01  
Index:    4  0  0  0  0  0   Value:  -9.953886e-03  


JetVector::printCoeffs(): Component 3

Count  = 29, Weight = 4, Max accurate weight = 4
Reference point: 
0.000000e+00  0.000000e+00  0.000000e+00  0.000000e+00  0.000000e+00  0.000000e+00  

Index:    0  0  0  0  0  0   Value:   0.000000e+00  
Index:    0  0  0  1  0  0   Value:   3.061224e-02  
Index:    1  0  0  0  0  0   Value:  -1.020408e-01  
Index:    0  0  0  1  0  1   Value:   1.224490e+00  
Index:    1  0  0  0  0  1   Value:   1.020408e-01  
Index:    0  0  0  1  0  2   Value:  -1.479592e+00  
Index:    0  0  0  1  2  0   Value:  -1.728393e-02  
Index:    0  0  0  3  0  0   Value:   1.529178e-02  
Index:    0  1  0  1  1  0   Value:   4.558050e-03  
Index:    0  2  0  1  0  0   Value:  -1.593724e-04  
Index:    1  0  0  0  0  2   Value:  -1.020408e-01  
Index:    1  0  0  0  2  0   Value:   1.086335e-01  
Index:    1  0  0  2  0  0   Value:   1.434351e-04  
Index:    1  1  0  0  1  0   Value:  -1.519350e-02  
Index:    1  2  0  0  0  0   Value:   1.449609e-03  
Index:    2  0  0  1  0  0   Value:  -4.781171e-04  
Index:    3  0  0  0  0  0   Value:   2.251188e-04  
Index:    0  0  0  1  0  3   Value:   1.734694e+00  
Index:    0  0  0  1  2  1   Value:  -6.476734e-01  
Index:    0  0  0  3  0  1   Value:   5.799401e-01  
Index:    0  1  0  1  1  1   Value:   1.680104e-01  
Index:    0  2  0  1  0  1   Value:  -5.737405e-03  
Index:    1  0  0  0  0  3   Value:   1.020408e-01  
Index:    1  0  0  0  2  1   Value:  -3.562876e-01  
Index:    1  0  0  2  0  1   Value:   1.104451e-02  
Index:    1  1  0  0  1  1   Value:   6.289896e-02  
Index:    1  2  0  0  0  1   Value:   3.407849e-02  
Index:    2  0  0  1  0  1   Value:  -1.721222e-02  
Index:    3  0  0  0  0  1   Value:  -1.490110e-02  


JetVector::printCoeffs(): Component 4

Count  = 29, Weight = 4, Max accurate weight = 4
Reference point: 
0.000000e+00  0.000000e+00  0.000000e+00  0.000000e+00  0.000000e+00  0.000000e+00  

Index:    0  0  0  0  0  0   Value:   0.000000e+00  
Index:    0  0  0  0  1  0   Value:   1.459184e+00  
Index:    0  1  0  0  0  0   Value:  -1.020408e-01  
Index:    0  0  0  0  1  1   Value:  -2.040816e-01  
Index:    0  1  0  0  0  1   Value:   1.020408e-01  
Index:    0  0  0  0  1  2   Value:  -5.102041e-02  
Index:    0  0  0  0  3  0   Value:  -8.238675e-01  
Index:    0  0  0  2  1  0   Value:   7.289081e-01  
Index:    0  1  0  0  0  2   Value:  -1.020408e-01  
Index:    0  1  0  0  2  0   Value:   3.259006e-01  
Index:    0  1  0  2  0  0   Value:   4.781171e-05  
Index:    0  2  0  0  1  0   Value:  -2.279025e-02  
Index:    0  3  0  0  0  0   Value:  -1.406060e-02  
Index:    1  0  0  1  1  0   Value:   4.558050e-03  
Index:    1  1  0  1  0  0   Value:  -3.187447e-04  
Index:    2  0  0  0  1  0   Value:  -7.596750e-03  
Index:    2  1  0  0  0  0   Value:   4.430675e-02  
Index:    0  0  0  0  1  3   Value:   3.061224e-01  
Index:    0  0  0  0  3  1   Value:   2.197495e+00  
Index:    0  0  0  2  1  1   Value:  -1.614458e+00  
Index:    0  1  0  0  0  3   Value:   1.020408e-01  
Index:    0  1  0  0  2  1   Value:  -1.068863e+00  
Index:    0  1  0  2  0  1   Value:   3.681502e-03  
Index:    0  2  0  0  1  1   Value:   9.434844e-02  
Index:    0  3  0  0  0  1   Value:  -6.153898e-04  
Index:    1  0  0  1  1  1   Value:   1.680104e-01  
Index:    1  1  0  1  0  1   Value:  -1.147481e-02  
Index:    2  0  0  0  1  1   Value:   3.144948e-02  
Index:    2  1  0  0  0  1   Value:  -8.778655e-03  


JetVector::printCoeffs(): Component 5

Count  = 2, Weight = 1, Max accurate weight = 4
Reference point: 
0.000000e+00  0.000000e+00  0.000000e+00  0.000000e+00  0.000000e+00  0.000000e+00  

Index:    0  0  0  0  0  0   Value:   0.000000e+00  
Index:    0  0  0  0  0  1   Value:   1.000000e+00  


End JetVector::printCoeffs() ......

DGN> Before normalization: B = 
( (6.5383484, -7), (0, 0), (0, 0), (6.5383484, 7), (0, -0), (0, 0),  )
( (0, 0), (0, 16), (0, 0), (0, -0), (0, -16), (0, 0),  )
( (0, 0), (0, 0), (1, 0), (0, -0), (0, -0), (-0, 0),  )
( (0, 1), (0, 0), (0, 0), (0, -1), (0, -0), (0, 0),  )
( (0, 0), (-1.1402024, 1.2207084), (0, 0), (0, -0), (-1.1402024, -1.2207084), (0, 0),  )
( (0, 0), (0, 0), (0, 0), (0, -0), (0, -0), (1, 0),  )


DGN> The normalizer: Nx = 
( (13.076697, 0), (0, 0), (0, 0), (0, 0), (0, 0), (0, 0),  )
( (0, 0), (36.486478, 0), (0, 0), (0, 0), (0, 0), (0, 0),  )
( (0, 0), (0, 0), (0, 1), (0, 0), (0, 0), (0, 0),  )
( (0, 0), (0, 0), (0, 0), (13.076697, 0), (0, 0), (0, 0),  )
( (0, 0), (0, 0), (0, 0), (0, 0), (36.486478, 0), (0, 0),  )
( (0, 0), (0, 0), (0, 0), (0, 0), (0, 0), (0, 1),  )


DGN> The normalizer: Nx = 
( (0.27653555, 0), (0, 0), (0, 0), (0, 0), (0, 0), (0, 0),  )
( (0, 0), (0.16555185, 0), (0, 0), (0, 0), (0, 0), (0, 0),  )
( (0, 0), (0, 0), (1, 0), (0, 0), (0, 0), (0, 0),  )
( (0, 0), (0, 0), (0, 0), (0.27653555, 0), (0, 0), (0, 0),  )
( (0, 0), (0, 0), (0, 0), (0, 0), (0.16555185, 0), (0, 0),  )
( (0, 0), (0, 0), (0, 0), (0, 0), (0, 0), (1, 0),  )


DGN> After normalization: B = 
( (1.8080858, -1.9357489), (0, 0), (0, 0), (1.8080858, 1.9357489), (0, 0), (0, 0),  )
( (0, 0), (0, 2.6488295), (0, 0), (0, 0), (0, -2.6488295), (0, 0),  )
( (0, 0), (0, 0), (1, 0), (0, 0), (0, 0), (0, 0),  )
( (0, 0.27653555), (0, 0), (0, 0), (0, -0.27653555), (0, 0), (0, 0),  )
( (0, 0), (-0.18876262, 0.20209054), (0, 0), (0, 0), (-0.18876262, -0.20209054), (0, 0),  )
( (0, 0), (0, 0), (0, 0), (0, 0), (0, 0), (1, 0),  )


DGN> Sextupole kick??? 


Begin JetVector::printCoeffs() ......
Dimension: 6, Weight = 3, Max accurate weight = 4
JetVector reference point: 
0.000000e+00  0.000000e+00  0.000000e+00  0.000000e+00  0.000000e+00  0.000000e+00  

JetVector::printCoeffs(): Component 0

Count  = 12, Weight = 3, Max accurate weight = 4
Reference point: 
0.000000e+00  0.000000e+00  0.000000e+00  0.000000e+00  0.000000e+00  0.000000e+00  

Index:    0  0  0  0  0  0   Value:   0.000000e+00  
Index:    1  0  0  0  0  0   Value:   1.000000e+00  
Index:    0  0  0  1  2  0   Value:  -2.304778e+02  
Index:    0  0  0  3  0  0   Value:   9.137195e+01  
Index:    0  1  0  1  1  0   Value:   7.188844e+01  
Index:    0  2  0  1  0  0   Value:  -5.527758e+00  
Index:    1  0  0  0  2  0   Value:   7.540746e-01  
Index:    1  0  0  2  0  0   Value:   2.297534e+00  
Index:    1  1  0  0  1  0   Value:  -2.319339e-01  
Index:    1  2  0  0  0  0   Value:   2.328058e-02  
Index:    2  0  0  1  0  0   Value:   2.158321e-01  
Index:    3  0  0  0  0  0   Value:   4.970925e-03  


JetVector::printCoeffs(): Component 1

Count  = 12, Weight = 3, Max accurate weight = 4
Reference point: 
0.000000e+00  0.000000e+00  0.000000e+00  0.000000e+00  0.000000e+00  0.000000e+00  

Index:    0  0  0  0  0  0   Value:   0.000000e+00  
Index:    0  1  0  0  0  0   Value:   1.000000e+00  
Index:    0  0  0  0  3  0   Value:   7.682822e+01  
Index:    0  0  0  2  1  0   Value:  -2.301791e+02  
Index:    0  1  0  0  2  0   Value:  -3.592154e+01  
Index:    0  1  0  2  0  0   Value:   3.693994e+01  
Index:    0  2  0  0  1  0   Value:   5.603356e+00  
Index:    0  3  0  0  0  0   Value:  -2.859037e-01  
Index:    1  0  0  1  1  0   Value:   1.549927e+00  
Index:    1  1  0  1  0  0   Value:  -9.267279e-02  
Index:    2  0  0  0  1  0   Value:  -9.720922e-04  
Index:    2  1  0  0  0  0   Value:   5.357673e-03  


JetVector::printCoeffs(): Component 2

Count  = 2, Weight = 1, Max accurate weight = 4
Reference point: 
0.000000e+00  0.000000e+00  0.000000e+00  0.000000e+00  0.000000e+00  0.000000e+00  

Index:    0  0  0  0  0  0   Value:   0.000000e+00  
Index:    0  0  1  0  0  0   Value:   1.000000e+00  


JetVector::printCoeffs(): Component 3

Count  = 12, Weight = 3, Max accurate weight = 4
Reference point: 
0.000000e+00  0.000000e+00  0.000000e+00  0.000000e+00  0.000000e+00  0.000000e+00  

Index:    0  0  0  0  0  0   Value:   0.000000e+00  
Index:    0  0  0  1  0  0   Value:   1.000000e+00  
Index:    0  0  0  1  2  0   Value:  -1.253606e+00  
Index:    0  0  0  3  0  0   Value:  -2.012361e-01  
Index:    0  1  0  1  1  0   Value:   2.350576e-01  
Index:    0  2  0  1  0  0   Value:  -1.807441e-02  
Index:    1  0  0  0  2  0   Value:   2.465639e-03  
Index:    1  0  0  2  0  0   Value:   7.512372e-03  
Index:    1  1  0  0  1  0   Value:  -7.583669e-04  
Index:    1  2  0  0  0  0   Value:   7.612177e-05  
Index:    2  0  0  1  0  0   Value:   7.057179e-04  
Index:    3  0  0  0  0  0   Value:   1.625371e-05  


JetVector::printCoeffs(): Component 4

Count  = 12, Weight = 3, Max accurate weight = 4
Reference point: 
0.000000e+00  0.000000e+00  0.000000e+00  0.000000e+00  0.000000e+00  0.000000e+00  

Index:    0  0  0  0  0  0   Value:   0.000000e+00  
Index:    0  0  0  0  1  0   Value:   1.000000e+00  
Index:    0  0  0  0  3  0   Value:   1.147432e+01  
Index:    0  0  0  2  1  0   Value:  -3.637533e+01  
Index:    0  1  0  0  2  0   Value:  -5.598671e+00  
Index:    0  1  0  2  0  0   Value:   5.757396e+00  
Index:    0  2  0  0  1  0   Value:   8.733297e-01  
Index:    0  3  0  0  0  0   Value:  -4.456047e-02  
Index:    1  0  0  1  1  0   Value:   2.415691e-01  
Index:    1  1  0  1  0  0   Value:  -1.444382e-02  
Index:    2  0  0  0  1  0   Value:  -1.515086e-04  
Index:    2  1  0  0  0  0   Value:   8.350378e-04  


JetVector::printCoeffs(): Component 5

Count  = 2, Weight = 1, Max accurate weight = 4
Reference point: 
0.000000e+00  0.000000e+00  0.000000e+00  0.000000e+00  0.000000e+00  0.000000e+00  

Index:    0  0  0  0  0  0   Value:   0.000000e+00  
Index:    0  0  0  0  0  1   Value:   1.000000e+00  


End JetVector::printCoeffs() ......

DGN> Sextupole kick??? 


Begin JetVector::printCoeffs() ......
Dimension: 6, Weight = 3, Max accurate weight = 4
JetVector reference point: 
0.000000e+00  0.000000e+00  0.000000e+00  0.000000e+00  0.000000e+00  0.000000e+00  

JetVector::printCoeffs(): Component 0

Count  = 12, Weight = 3, Max accurate weight = 4
Reference point: 
0.000000e+00  0.000000e+00  0.000000e+00  0.000000e+00  0.000000e+00  0.000000e+00  

Index:    0  0  0  0  0  0   Value:   0.000000e+00  
Index:    1  0  0  0  0  0   Value:   1.000000e+00  
Index:    0  0  0  1  2  0   Value:   3.051161e-01  
Index:    0  0  0  3  0  0   Value:   1.342875e-04  
Index:    0  1  0  1  1  0   Value:  -4.267358e-02  
Index:    0  2  0  1  0  0   Value:   1.492083e-03  
Index:    1  0  0  0  2  0   Value:  -1.017054e+00  
Index:    1  0  0  2  0  0   Value:  -1.342875e-03  
Index:    1  1  0  0  1  0   Value:   1.422453e-01  
Index:    1  2  0  0  0  0   Value:  -4.973611e-03  
Index:    2  0  0  1  0  0   Value:   4.476249e-03  
Index:    3  0  0  0  0  0   Value:  -4.973611e-03  


JetVector::printCoeffs(): Component 1

Count  = 12, Weight = 3, Max accurate weight = 4
Reference point: 
0.000000e+00  0.000000e+00  0.000000e+00  0.000000e+00  0.000000e+00  0.000000e+00  

Index:    0  0  0  0  0  0   Value:   0.000000e+00  
Index:    0  1  0  0  0  0   Value:   1.000000e+00  
Index:    0  0  0  0  3  0   Value:   1.454387e+01  
Index:    0  0  0  2  1  0   Value:   6.401037e-03  
Index:    0  1  0  0  2  0   Value:  -3.051161e+00  
Index:    0  1  0  2  0  0   Value:  -4.476249e-04  
Index:    0  2  0  0  1  0   Value:   2.133679e-01  
Index:    0  3  0  0  0  0   Value:  -4.973611e-03  
Index:    1  0  0  1  1  0   Value:  -4.267358e-02  
Index:    1  1  0  1  0  0   Value:   2.984166e-03  
Index:    2  0  0  0  1  0   Value:   7.112263e-02  
Index:    2  1  0  0  0  0   Value:  -4.973611e-03  


JetVector::printCoeffs(): Component 2

Count  = 2, Weight = 1, Max accurate weight = 4
Reference point: 
0.000000e+00  0.000000e+00  0.000000e+00  0.000000e+00  0.000000e+00  0.000000e+00  

Index:    0  0  0  0  0  0   Value:   0.000000e+00  
Index:    0  0  1  0  0  0   Value:   1.000000e+00  


JetVector::printCoeffs(): Component 3

Count  = 12, Weight = 3, Max accurate weight = 4
Reference point: 
0.000000e+00  0.000000e+00  0.000000e+00  0.000000e+00  0.000000e+00  0.000000e+00  

Index:    0  0  0  0  0  0   Value:   0.000000e+00  
Index:    0  0  0  1  0  0   Value:   1.000000e+00  
Index:    0  0  0  1  2  0   Value:   4.524451e-01  
Index:    0  0  0  3  0  0   Value:   4.999791e-01  
Index:    0  1  0  1  1  0   Value:   6.651032e-03  
Index:    0  2  0  1  0  0   Value:  -2.325536e-04  
Index:    1  0  0  0  2  0   Value:   1.585163e-01  
Index:    1  0  0  2  0  0   Value:   2.092982e-04  
Index:    1  1  0  0  1  0   Value:  -2.217011e-02  
Index:    1  2  0  0  0  0   Value:   3.077518e-02  
Index:    2  0  0  1  0  0   Value:  -6.976607e-04  
Index:    3  0  0  0  0  0   Value:  -9.224821e-03  


JetVector::printCoeffs(): Component 4

Count  = 12, Weight = 3, Max accurate weight = 4
Reference point: 
0.000000e+00  0.000000e+00  0.000000e+00  0.000000e+00  0.000000e+00  0.000000e+00  

Index:    0  0  0  0  0  0   Value:   0.000000e+00  
Index:    0  0  0  0  1  0   Value:   1.000000e+00  
Index:    0  0  0  0  3  0   Value:   4.524451e-01  
Index:    0  0  0  2  1  0   Value:   4.999791e-01  
Index:    0  1  0  0  2  0   Value:   9.976548e-03  
Index:    0  1  0  2  0  0   Value:   1.463624e-06  
Index:    0  2  0  0  1  0   Value:  -6.976607e-04  
Index:    0  3  0  0  0  0   Value:  -9.983738e-03  
Index:    1  0  0  1  1  0   Value:   1.395321e-04  
Index:    1  1  0  1  0  0   Value:  -9.757492e-06  
Index:    2  0  0  0  1  0   Value:  -2.325536e-04  
Index:    2  1  0  0  0  0   Value:   3.001626e-02  


JetVector::printCoeffs(): Component 5

Count  = 2, Weight = 1, Max accurate weight = 4
Reference point: 
0.000000e+00  0.000000e+00  0.000000e+00  0.000000e+00  0.000000e+00  0.000000e+00  

Index:    0  0  0  0  0  0   Value:   0.000000e+00  
Index:    0  0  0  0  0  1   Value:   1.000000e+00  


End JetVector::printCoeffs() ......

DGN> Before processing, calN = 


Begin JetCVector::printCoeffs() ......
Dimension: 6, Weight = 3, Max accurate weight = 4
JetCVector reference point: 
( 0.000000e+00,  0.000000e+00 )( 0.000000e+00,  0.000000e+00 )( 0.000000e+00,  0.000000e+00 )( 0.000000e+00,  0.000000e+00 )( 0.000000e+00,  0.000000e+00 )( 0.000000e+00,  0.000000e+00 )

JetCVector::printCoeffs(): Component 0

Count  = 12, Weight = 3, Max accurate weight = 4
Reference point: 
( 0.000000e+00, 0.000000e+00 )( 0.000000e+00, 0.000000e+00 )( 0.000000e+00, 0.000000e+00 )( 0.000000e+00, 0.000000e+00 )( 0.000000e+00, 0.000000e+00 )( 0.000000e+00, 0.000000e+00 )

Index:    0  0  0  0  0  0   Value:   0.000000e+00    0.000000e+00  
Index:    1  0  0  0  0  0   Value:   1.000000e+00   -1.110223e-16  
Index:    0  0  0  1  2  0   Value:   1.420813e+00   -1.835992e-01  
Index:    0  0  0  3  0  0   Value:  -1.138916e-03    4.542938e-01  
Index:    0  1  0  1  1  0   Value:   1.981416e-01    2.949565e+00  
Index:    0  2  0  1  0  0   Value:  -1.473423e+00   -1.006031e-01  
Index:    1  0  0  0  2  0   Value:  -1.466166e+00    1.247482e-01  
Index:    1  0  0  2  0  0   Value:   5.038544e-02   -1.477906e+00  
Index:    1  1  0  0  1  0   Value:  -1.665335e-16   -2.953706e+00  
Index:    1  2  0  0  0  0   Value:   1.430568e+00    1.612977e-01  
Index:    2  0  0  1  0  0   Value:   1.734723e-17    1.476853e+00  
Index:    3  0  0  0  0  0   Value:   1.724457e-02   -4.546304e-01  


JetCVector::printCoeffs(): Component 1

Count  = 12, Weight = 3, Max accurate weight = 4
Reference point: 
( 0.000000e+00, 0.000000e+00 )( 0.000000e+00, 0.000000e+00 )( 0.000000e+00, 0.000000e+00 )( 0.000000e+00, 0.000000e+00 )( 0.000000e+00, 0.000000e+00 )( 0.000000e+00, 0.000000e+00 )

Index:    0  0  0  0  0  0   Value:   0.000000e+00    0.000000e+00  
Index:    0  1  0  0  0  0   Value:   1.000000e+00    0.000000e+00  
Index:    0  0  0  0  3  0   Value:  -6.833482e-02   -5.200979e-01  
Index:    0  0  0  2  1  0   Value:   1.502119e+00   -1.869994e-01  
Index:    0  1  0  0  2  0   Value:   1.355840e+00   -1.597359e-01  
Index:    0  1  0  2  0  0   Value:   5.838240e-02    1.438339e+00  
Index:    0  2  0  0  1  0   Value:  -6.661338e-16    1.476853e+00  
Index:    0  3  0  0  0  0   Value:  -4.875447e-01   -1.669574e-02  
Index:    1  0  0  1  1  0   Value:  -3.010593e+00    3.257191e-01  
Index:    1  1  0  1  0  0   Value:  -8.881784e-16   -2.953706e+00  
Index:    2  0  0  0  1  0   Value:   1.473423e+00   -1.006031e-01  
Index:    2  1  0  0  0  0   Value:  -2.434269e-02    1.476344e+00  


JetCVector::printCoeffs(): Component 2

Count  = 2, Weight = 1, Max accurate weight = 4
Reference point: 
( 0.000000e+00, 0.000000e+00 )( 0.000000e+00, 0.000000e+00 )( 0.000000e+00, 0.000000e+00 )( 0.000000e+00, 0.000000e+00 )( 0.000000e+00, 0.000000e+00 )( 0.000000e+00, 0.000000e+00 )

Index:    0  0  0  0  0  0   Value:   0.000000e+00    0.000000e+00  
Index:    0  0  1  0  0  0   Value:   1.000000e+00    0.000000e+00  


JetCVector::printCoeffs(): Component 3

Count  = 12, Weight = 3, Max accurate weight = 4
Reference point: 
( 0.000000e+00, 0.000000e+00 )( 0.000000e+00, 0.000000e+00 )( 0.000000e+00, 0.000000e+00 )( 0.000000e+00, 0.000000e+00 )( 0.000000e+00, 0.000000e+00 )( 0.000000e+00, 0.000000e+00 )

Index:    0  0  0  0  0  0   Value:   0.000000e+00    0.000000e+00  
Index:    0  0  0  1  0  0   Value:   1.000000e+00    0.000000e+00  
Index:    0  0  0  1  2  0   Value:   1.430568e+00   -1.612977e-01  
Index:    0  0  0  3  0  0   Value:   1.724457e-02    4.546304e-01  
Index:    0  1  0  1  1  0   Value:   4.579670e-16    2.953706e+00  
Index:    0  2  0  1  0  0   Value:  -1.466166e+00   -1.247482e-01  
Index:    1  0  0  0  2  0   Value:  -1.473423e+00    1.006031e-01  
Index:    1  0  0  2  0  0   Value:  -5.863365e-16   -1.476853e+00  
Index:    1  1  0  0  1  0   Value:   1.981416e-01   -2.949565e+00  
Index:    1  2  0  0  0  0   Value:   1.420813e+00    1.835992e-01  
Index:    2  0  0  1  0  0   Value:   5.038544e-02    1.477906e+00  
Index:    3  0  0  0  0  0   Value:  -1.138916e-03   -4.542938e-01  


JetCVector::printCoeffs(): Component 4

Count  = 12, Weight = 3, Max accurate weight = 4
Reference point: 
( 0.000000e+00, 0.000000e+00 )( 0.000000e+00, 0.000000e+00 )( 0.000000e+00, 0.000000e+00 )( 0.000000e+00, 0.000000e+00 )( 0.000000e+00, 0.000000e+00 )( 0.000000e+00, 0.000000e+00 )

Index:    0  0  0  0  0  0   Value:   0.000000e+00    0.000000e+00  
Index:    0  0  0  0  1  0   Value:   1.000000e+00    0.000000e+00  
Index:    0  0  0  0  3  0   Value:  -4.875447e-01    1.669574e-02  
Index:    0  0  0  2  1  0   Value:  -2.434269e-02   -1.476344e+00  
Index:    0  1  0  0  2  0   Value:  -6.661338e-16   -1.476853e+00  
Index:    0  1  0  2  0  0   Value:   1.473423e+00    1.006031e-01  
Index:    0  2  0  0  1  0   Value:   1.355840e+00    1.597359e-01  
Index:    0  3  0  0  0  0   Value:  -6.833482e-02    5.200979e-01  
Index:    1  0  0  1  1  0   Value:   8.881784e-16    2.953706e+00  
Index:    1  1  0  1  0  0   Value:  -3.010593e+00   -3.257191e-01  
Index:    2  0  0  0  1  0   Value:   5.838240e-02   -1.438339e+00  
Index:    2  1  0  0  0  0   Value:   1.502119e+00    1.869994e-01  


JetCVector::printCoeffs(): Component 5

Count  = 2, Weight = 1, Max accurate weight = 4
Reference point: 
( 0.000000e+00, 0.000000e+00 )( 0.000000e+00, 0.000000e+00 )( 0.000000e+00, 0.000000e+00 )( 0.000000e+00, 0.000000e+00 )( 0.000000e+00, 0.000000e+00 )( 0.000000e+00, 0.000000e+00 )

Index:    0  0  0  0  0  0   Value:   0.000000e+00    0.000000e+00  
Index:    0  0  0  0  0  1   Value:   1.000000e+00    0.000000e+00  


End JetCVector::printCoeffs() ......


DGN> After normalForm: the eigenvectors are 
( (1.8080858, -1.9357489), (0, 0), (0, 0), (1.8080858, 1.9357489), (0, 0), (0, 0),  )
( (0, 0), (0, 2.6488295), (0, 0), (0, 0), (0, -2.6488295), (0, 0),  )
( (0, 0), (0, 0), (1, 0), (0, 0), (0, 0), (0, 0),  )
( (0, 0.27653555), (0, 0), (0, 0), (0, -0.27653555), (0, 0), (0, 0),  )
( (0, 0), (-0.18876262, 0.20209054), (0, 0), (0, 0), (-0.18876262, -0.20209054), (0, 0),  )
( (0, 0), (0, 0), (0, 0), (0, 0), (0, 0), (1, 0),  )


DGN> zeta_1 = (2.6488295, 0)
DGN> zeta_2 = (-0.20209054, 0.18876262)
DGN> Computed beta = (14.032596, 0)
DGN> Computed alpha = 1.0706068
The original map ______________________________


Begin JetVector::printCoeffs() ......
Dimension: 6, Weight = 4, Max accurate weight = 4
JetVector reference point: 
0.000000e+00  0.000000e+00  0.000000e+00  0.000000e+00  0.000000e+00  0.000000e+00  

JetVector::printCoeffs(): Component 0

Count  = 17, Weight = 4, Max accurate weight = 4
Reference point: 
0.000000e+00  0.000000e+00  0.000000e+00  0.000000e+00  0.000000e+00  0.000000e+00  

Index:    0  0  0  0  0  0   Value:   0.000000e+00  
Index:    0  0  0  1  0  0   Value:   9.362245e+00  
Index:    1  0  0  0  0  0   Value:   1.459184e+00  
Index:    0  0  0  1  0  1   Value:  -8.086735e+00  
Index:    1  0  0  0  0  1   Value:  -2.040816e-01  
Index:    0  0  0  1  0  2   Value:   6.173469e+00  
Index:    0  0  0  1  2  0   Value:   4.681122e+00  
Index:    0  0  0  3  0  0   Value:   4.681122e+00  
Index:    1  0  0  0  0  2   Value:  -5.102041e-02  
Index:    1  2  0  0  0  0   Value:   2.808673e-01  
Index:    3  0  0  0  0  0   Value:  -9.362245e-02  
Index:    0  0  0  1  0  3   Value:  -3.622449e+00  
Index:    0  0  0  1  2  1   Value:  -1.340561e+01  
Index:    0  0  0  3  0  1   Value:  -1.340561e+01  
Index:    1  0  0  0  0  3   Value:   3.061224e-01  
Index:    1  2  0  0  0  1   Value:  -2.426020e-01  
Index:    3  0  0  0  0  1   Value:   8.086735e-02  


JetVector::printCoeffs(): Component 1

Count  = 17, Weight = 4, Max accurate weight = 4
Reference point: 
0.000000e+00  0.000000e+00  0.000000e+00  0.000000e+00  0.000000e+00  0.000000e+00  

Index:    0  0  0  0  0  0   Value:   0.000000e+00  
Index:    0  0  0  0  1  0   Value:   9.362245e+00  
Index:    0  1  0  0  0  0   Value:   3.061224e-02  
Index:    0  0  0  0  1  1   Value:  -8.086735e+00  
Index:    0  1  0  0  0  1   Value:   1.224490e+00  
Index:    0  0  0  0  1  2   Value:   6.173469e+00  
Index:    0  0  0  0  3  0   Value:   4.681122e+00  
Index:    0  0  0  2  1  0   Value:   4.681122e+00  
Index:    0  1  0  0  0  2   Value:  -1.479592e+00  
Index:    0  3  0  0  0  0   Value:  -9.362245e-02  
Index:    2  1  0  0  0  0   Value:   2.808673e-01  
Index:    0  0  0  0  1  3   Value:  -3.622449e+00  
Index:    0  0  0  0  3  1   Value:  -1.340561e+01  
Index:    0  0  0  2  1  1   Value:  -1.340561e+01  
Index:    0  1  0  0  0  3   Value:   1.734694e+00  
Index:    0  3  0  0  0  1   Value:   8.086735e-02  
Index:    2  1  0  0  0  1   Value:  -2.426020e-01  


JetVector::printCoeffs(): Component 2

Count  = 43, Weight = 4, Max accurate weight = 4
Reference point: 
0.000000e+00  0.000000e+00  0.000000e+00  0.000000e+00  0.000000e+00  0.000000e+00  

Index:    0  0  0  0  0  0   Value:   0.000000e+00  
Index:    0  0  0  0  0  1   Value:  -8.842696e-02  
Index:    0  0  1  0  0  0   Value:   1.000000e+00  
Index:    0  0  0  0  0  2   Value:   1.322512e-01  
Index:    0  0  0  0  2  0   Value:   4.966595e+00  
Index:    0  0  0  2  0  0   Value:   5.881711e+00  
Index:    0  1  0  0  1  0   Value:  -8.351085e-01  
Index:    0  2  0  0  0  0   Value:   6.431957e-02  
Index:    1  0  0  1  0  0   Value:   9.658394e-01  
Index:    2  0  0  0  0  0   Value:   6.431957e-02  
Index:    0  0  0  0  0  3   Value:  -1.756896e-01  
Index:    0  0  0  0  2  1   Value:  -9.571649e+00  
Index:    0  0  0  2  0  1   Value:  -1.415528e+01  
Index:    0  1  0  0  1  1   Value:   1.847519e+00  
Index:    0  2  0  0  0  1   Value:  -1.553516e-01  
Index:    1  0  0  1  0  1   Value:  -2.502324e+00  
Index:    2  0  0  0  0  1   Value:  -1.553516e-01  
Index:    0  0  0  0  0  4   Value:   2.186500e-01  
Index:    0  0  0  0  2  2   Value:   1.327112e+01  
Index:    0  0  0  0  4  0   Value:   3.122478e+00  
Index:    0  0  0  2  0  2   Value:   2.705019e+01  
Index:    0  0  0  2  2  0   Value:   9.263609e+00  
Index:    0  0  0  4  0  0   Value:   3.438204e+00  
Index:    0  1  0  0  1  2   Value:  -3.029299e+00  
Index:    0  1  0  0  3  0   Value:   7.579516e-02  
Index:    0  1  0  2  1  0   Value:   7.365384e-03  
Index:    0  2  0  0  0  2   Value:   2.866799e-01  
Index:    0  2  0  0  2  0   Value:  -7.352074e-02  
Index:    0  2  0  2  0  0   Value:  -4.719996e-02  
Index:    0  3  0  0  1  0   Value:  -9.267906e-02  
Index:    0  4  0  0  0  0   Value:   8.055594e-03  
Index:    1  0  0  1  0  2   Value:   4.997737e+00  
Index:    1  0  0  1  2  0   Value:   2.900756e-01  
Index:    1  0  0  3  0  0   Value:  -4.137594e-01  
Index:    1  1  0  1  1  0   Value:   8.825197e-02  
Index:    1  2  0  1  0  0   Value:   3.430079e-01  
Index:    2  0  0  0  0  2   Value:   2.866799e-01  
Index:    2  0  0  0  2  0   Value:  -2.450691e-02  
Index:    2  0  0  2  0  0   Value:  -1.415999e-01  
Index:    2  1  0  0  1  0   Value:   3.046485e-01  
Index:    2  2  0  0  0  0   Value:   3.330941e-03  
Index:    3  0  0  1  0  0   Value:  -1.275289e-01  
Index:    4  0  0  0  0  0   Value:  -9.953886e-03  


JetVector::printCoeffs(): Component 3

Count  = 29, Weight = 4, Max accurate weight = 4
Reference point: 
0.000000e+00  0.000000e+00  0.000000e+00  0.000000e+00  0.000000e+00  0.000000e+00  

Index:    0  0  0  0  0  0   Value:   0.000000e+00  
Index:    0  0  0  1  0  0   Value:   3.061224e-02  
Index:    1  0  0  0  0  0   Value:  -1.020408e-01  
Index:    0  0  0  1  0  1   Value:   1.224490e+00  
Index:    1  0  0  0  0  1   Value:   1.020408e-01  
Index:    0  0  0  1  0  2   Value:  -1.479592e+00  
Index:    0  0  0  1  2  0   Value:  -1.728393e-02  
Index:    0  0  0  3  0  0   Value:   1.529178e-02  
Index:    0  1  0  1  1  0   Value:   4.558050e-03  
Index:    0  2  0  1  0  0   Value:  -1.593724e-04  
Index:    1  0  0  0  0  2   Value:  -1.020408e-01  
Index:    1  0  0  0  2  0   Value:   1.086335e-01  
Index:    1  0  0  2  0  0   Value:   1.434351e-04  
Index:    1  1  0  0  1  0   Value:  -1.519350e-02  
Index:    1  2  0  0  0  0   Value:   1.449609e-03  
Index:    2  0  0  1  0  0   Value:  -4.781171e-04  
Index:    3  0  0  0  0  0   Value:   2.251188e-04  
Index:    0  0  0  1  0  3   Value:   1.734694e+00  
Index:    0  0  0  1  2  1   Value:  -6.476734e-01  
Index:    0  0  0  3  0  1   Value:   5.799401e-01  
Index:    0  1  0  1  1  1   Value:   1.680104e-01  
Index:    0  2  0  1  0  1   Value:  -5.737405e-03  
Index:    1  0  0  0  0  3   Value:   1.020408e-01  
Index:    1  0  0  0  2  1   Value:  -3.562876e-01  
Index:    1  0  0  2  0  1   Value:   1.104451e-02  
Index:    1  1  0  0  1  1   Value:   6.289896e-02  
Index:    1  2  0  0  0  1   Value:   3.407849e-02  
Index:    2  0  0  1  0  1   Value:  -1.721222e-02  
Index:    3  0  0  0  0  1   Value:  -1.490110e-02  


JetVector::printCoeffs(): Component 4

Count  = 29, Weight = 4, Max accurate weight = 4
Reference point: 
0.000000e+00  0.000000e+00  0.000000e+00  0.000000e+00  0.000000e+00  0.000000e+00  

Index:    0  0  0  0  0  0   Value:   0.000000e+00  
Index:    0  0  0  0  1  0   Value:   1.459184e+00  
Index:    0  1  0  0  0  0   Value:  -1.020408e-01  
Index:    0  0  0  0  1  1   Value:  -2.040816e-01  
Index:    0  1  0  0  0  1   Value:   1.020408e-01  
Index:    0  0  0  0  1  2   Value:  -5.102041e-02  
Index:    0  0  0  0  3  0   Value:  -8.238675e-01  
Index:    0  0  0  2  1  0   Value:   7.289081e-01  
Index:    0  1  0  0  0  2   Value:  -1.020408e-01  
Index:    0  1  0  0  2  0   Value:   3.259006e-01  
Index:    0  1  0  2  0  0   Value:   4.781171e-05  
Index:    0  2  0  0  1  0   Value:  -2.279025e-02  
Index:    0  3  0  0  0  0   Value:  -1.406060e-02  
Index:    1  0  0  1  1  0   Value:   4.558050e-03  
Index:    1  1  0  1  0  0   Value:  -3.187447e-04  
Index:    2  0  0  0  1  0   Value:  -7.596750e-03  
Index:    2  1  0  0  0  0   Value:   4.430675e-02  
Index:    0  0  0  0  1  3   Value:   3.061224e-01  
Index:    0  0  0  0  3  1   Value:   2.197495e+00  
Index:    0  0  0  2  1  1   Value:  -1.614458e+00  
Index:    0  1  0  0  0  3   Value:   1.020408e-01  
Index:    0  1  0  0  2  1   Value:  -1.068863e+00  
Index:    0  1  0  2  0  1   Value:   3.681502e-03  
Index:    0  2  0  0  1  1   Value:   9.434844e-02  
Index:    0  3  0  0  0  1   Value:  -6.153898e-04  
Index:    1  0  0  1  1  1   Value:   1.680104e-01  
Index:    1  1  0  1  0  1   Value:  -1.147481e-02  
Index:    2  0  0  0  1  1   Value:   3.144948e-02  
Index:    2  1  0  0  0  1   Value:  -8.778655e-03  


JetVector::printCoeffs(): Component 5

Count  = 2, Weight = 1, Max accurate weight = 4
Reference point: 
0.000000e+00  0.000000e+00  0.000000e+00  0.000000e+00  0.000000e+00  0.000000e+00  

Index:    0  0  0  0  0  0   Value:   0.000000e+00  
Index:    0  0  0  0  0  1   Value:   1.000000e+00  


End JetVector::printCoeffs() ......

The normal Form _______________________________
Terms of degree 2_ _ _ _ _ _ _ _ _ _ _ _ _ _


Begin JetCVector::printCoeffs() ......
Dimension: 6, Weight = -1, Max accurate weight = 4
JetCVector reference point: 
( 0.000000e+00,  0.000000e+00 )( 0.000000e+00,  0.000000e+00 )( 0.000000e+00,  0.000000e+00 )( 0.000000e+00,  0.000000e+00 )( 0.000000e+00,  0.000000e+00 )( 0.000000e+00,  0.000000e+00 )

JetCVector::printCoeffs(): Component 0

Count  = 0, Weight = -1, Max accurate weight = 4
Reference point: 
( 0.000000e+00, 0.000000e+00 )( 0.000000e+00, 0.000000e+00 )( 0.000000e+00, 0.000000e+00 )( 0.000000e+00, 0.000000e+00 )( 0.000000e+00, 0.000000e+00 )( 0.000000e+00, 0.000000e+00 )



JetCVector::printCoeffs(): Component 1

Count  = 0, Weight = -1, Max accurate weight = 4
Reference point: 
( 0.000000e+00, 0.000000e+00 )( 0.000000e+00, 0.000000e+00 )( 0.000000e+00, 0.000000e+00 )( 0.000000e+00, 0.000000e+00 )( 0.000000e+00, 0.000000e+00 )( 0.000000e+00, 0.000000e+00 )



JetCVector::printCoeffs(): Component 2

Count  = 0, Weight = -1, Max accurate weight = 4
Reference point: 
( 0.000000e+00, 0.000000e+00 )( 0.000000e+00, 0.000000e+00 )( 0.000000e+00, 0.000000e+00 )( 0.000000e+00, 0.000000e+00 )( 0.000000e+00, 0.000000e+00 )( 0.000000e+00, 0.000000e+00 )



JetCVector::printCoeffs(): Component 3

Count  = 0, Weight = -1, Max accurate weight = 4
Reference point: 
( 0.000000e+00, 0.000000e+00 )( 0.000000e+00, 0.000000e+00 )( 0.000000e+00, 0.000000e+00 )( 0.000000e+00, 0.000000e+00 )( 0.000000e+00, 0.000000e+00 )( 0.000000e+00, 0.000000e+00 )



JetCVector::printCoeffs(): Component 4

Count  = 0, Weight = -1, Max accurate weight = 4
Reference point: 
( 0.000000e+00, 0.000000e+00 )( 0.000000e+00, 0.000000e+00 )( 0.000000e+00, 0.000000e+00 )( 0.000000e+00, 0.000000e+00 )( 0.000000e+00, 0.000000e+00 )( 0.000000e+00, 0.000000e+00 )



JetCVector::printCoeffs(): Component 5

Count  = 0, Weight = -1, Max accurate weight = 4
Reference point: 
( 0.000000e+00, 0.000000e+00 )( 0.000000e+00, 0.000000e+00 )( 0.000000e+00, 0.000000e+00 )( 0.000000e+00, 0.000000e+00 )( 0.000000e+00, 0.000000e+00 )( 0.000000e+00, 0.000000e+00 )



End JetCVector::printCoeffs() ......

Terms of degree 3_ _ _ _ _ _ _ _ _ _ _ _ _ _


Begin JetCVector::printCoeffs() ......
Dimension: 6, Weight = 3, Max accurate weight = 4
JetCVector reference point: 
( 0.000000e+00,  0.000000e+00 )( 0.000000e+00,  0.000000e+00 )( 0.000000e+00,  0.000000e+00 )( 0.000000e+00,  0.000000e+00 )( 0.000000e+00,  0.000000e+00 )( 0.000000e+00,  0.000000e+00 )

JetCVector::printCoeffs(): Component 0

Count  = 2, Weight = 3, Max accurate weight = 4
Reference point: 
( 0.000000e+00, 0.000000e+00 )( 0.000000e+00, 0.000000e+00 )( 0.000000e+00, 0.000000e+00 )( 0.000000e+00, 0.000000e+00 )( 0.000000e+00, 0.000000e+00 )( 0.000000e+00, 0.000000e+00 )

Index:    1  1  0  0  1  0   Value:  -1.665335e-16   -2.953706e+00  
Index:    2  0  0  1  0  0   Value:   1.734723e-17    1.476853e+00  


JetCVector::printCoeffs(): Component 1

Count  = 2, Weight = 3, Max accurate weight = 4
Reference point: 
( 0.000000e+00, 0.000000e+00 )( 0.000000e+00, 0.000000e+00 )( 0.000000e+00, 0.000000e+00 )( 0.000000e+00, 0.000000e+00 )( 0.000000e+00, 0.000000e+00 )( 0.000000e+00, 0.000000e+00 )

Index:    0  2  0  0  1  0   Value:  -6.661338e-16    1.476853e+00  
Index:    1  1  0  1  0  0   Value:  -8.881784e-16   -2.953706e+00  


JetCVector::printCoeffs(): Component 2

Count  = 0, Weight = -1, Max accurate weight = 4
Reference point: 
( 0.000000e+00, 0.000000e+00 )( 0.000000e+00, 0.000000e+00 )( 0.000000e+00, 0.000000e+00 )( 0.000000e+00, 0.000000e+00 )( 0.000000e+00, 0.000000e+00 )( 0.000000e+00, 0.000000e+00 )



JetCVector::printCoeffs(): Component 3

Count  = 2, Weight = 3, Max accurate weight = 4
Reference point: 
( 0.000000e+00, 0.000000e+00 )( 0.000000e+00, 0.000000e+00 )( 0.000000e+00, 0.000000e+00 )( 0.000000e+00, 0.000000e+00 )( 0.000000e+00, 0.000000e+00 )( 0.000000e+00, 0.000000e+00 )

Index:    0  1  0  1  1  0   Value:   4.579670e-16    2.953706e+00  
Index:    1  0  0  2  0  0   Value:  -5.863365e-16   -1.476853e+00  


JetCVector::printCoeffs(): Component 4

Count  = 2, Weight = 3, Max accurate weight = 4
Reference point: 
( 0.000000e+00, 0.000000e+00 )( 0.000000e+00, 0.000000e+00 )( 0.000000e+00, 0.000000e+00 )( 0.000000e+00, 0.000000e+00 )( 0.000000e+00, 0.000000e+00 )( 0.000000e+00, 0.000000e+00 )

Index:    0  1  0  0  2  0   Value:  -6.661338e-16   -1.476853e+00  
Index:    1  0  0  1  1  0   Value:   8.881784e-16    2.953706e+00  


JetCVector::printCoeffs(): Component 5

Count  = 0, Weight = -1, Max accurate weight = 4
Reference point: 
( 0.000000e+00, 0.000000e+00 )( 0.000000e+00, 0.000000e+00 )( 0.000000e+00, 0.000000e+00 )( 0.000000e+00, 0.000000e+00 )( 0.000000e+00, 0.000000e+00 )( 0.000000e+00, 0.000000e+00 )



End JetCVector::printCoeffs() ......

Terms of degree 4_ _ _ _ _ _ _ _ _ _ _ _ _ _


Begin JetCVector::printCoeffs() ......
Dimension: 6, Weight = -1, Max accurate weight = 4
JetCVector reference point: 
( 0.000000e+00,  0.000000e+00 )( 0.000000e+00,  0.000000e+00 )( 0.000000e+00,  0.000000e+00 )( 0.000000e+00,  0.000000e+00 )( 0.000000e+00,  0.000000e+00 )( 0.000000e+00,  0.000000e+00 )

JetCVector::printCoeffs(): Component 0

Count  = 0, Weight = -1, Max accurate weight = 4
Reference point: 
( 0.000000e+00, 0.000000e+00 )( 0.000000e+00, 0.000000e+00 )( 0.000000e+00, 0.000000e+00 )( 0.000000e+00, 0.000000e+00 )( 0.000000e+00, 0.000000e+00 )( 0.000000e+00, 0.000000e+00 )



JetCVector::printCoeffs(): Component 1

Count  = 0, Weight = -1, Max accurate weight = 4
Reference point: 
( 0.000000e+00, 0.000000e+00 )( 0.000000e+00, 0.000000e+00 )( 0.000000e+00, 0.000000e+00 )( 0.000000e+00, 0.000000e+00 )( 0.000000e+00, 0.000000e+00 )( 0.000000e+00, 0.000000e+00 )



JetCVector::printCoeffs(): Component 2

Count  = 0, Weight = -1, Max accurate weight = 4
Reference point: 
( 0.000000e+00, 0.000000e+00 )( 0.000000e+00, 0.000000e+00 )( 0.000000e+00, 0.000000e+00 )( 0.000000e+00, 0.000000e+00 )( 0.000000e+00, 0.000000e+00 )( 0.000000e+00, 0.000000e+00 )



JetCVector::printCoeffs(): Component 3

Count  = 0, Weight = -1, Max accurate weight = 4
Reference point: 
( 0.000000e+00, 0.000000e+00 )( 0.000000e+00, 0.000000e+00 )( 0.000000e+00, 0.000000e+00 )( 0.000000e+00, 0.000000e+00 )( 0.000000e+00, 0.000000e+00 )( 0.000000e+00, 0.000000e+00 )



JetCVector::printCoeffs(): Component 4

Count  = 0, Weight = -1, Max accurate weight = 4
Reference point: 
( 0.000000e+00, 0.000000e+00 )( 0.000000e+00, 0.000000e+00 )( 0.000000e+00, 0.000000e+00 )( 0.000000e+00, 0.000000e+00 )( 0.000000e+00, 0.000000e+00 )( 0.000000e+00, 0.000000e+00 )



JetCVector::printCoeffs(): Component 5

Count  = 0, Weight = -1, Max accurate weight = 4
Reference point: 
( 0.000000e+00, 0.000000e+00 )( 0.000000e+00, 0.000000e+00 )( 0.000000e+00, 0.000000e+00 )( 0.000000e+00, 0.000000e+00 )( 0.000000e+00, 0.000000e+00 )( 0.000000e+00, 0.000000e+00 )



End JetCVector::printCoeffs() ......

The transformation ____________________________
Terms of degree 2 _ _ _ _ _ _ _ _ _ _ _ _ _ _


Begin JetCVector::printCoeffs() ......
Dimension: 6, Weight = -1, Max accurate weight = 4
JetCVector reference point: 
( 0.000000e+00,  0.000000e+00 )( 0.000000e+00,  0.000000e+00 )( 0.000000e+00,  0.000000e+00 )( 0.000000e+00,  0.000000e+00 )( 0.000000e+00,  0.000000e+00 )( 0.000000e+00,  0.000000e+00 )

JetCVector::printCoeffs(): Component 0

Count  = 0, Weight = -1, Max accurate weight = 4
Reference point: 
( 0.000000e+00, 0.000000e+00 )( 0.000000e+00, 0.000000e+00 )( 0.000000e+00, 0.000000e+00 )( 0.000000e+00, 0.000000e+00 )( 0.000000e+00, 0.000000e+00 )( 0.000000e+00, 0.000000e+00 )



JetCVector::printCoeffs(): Component 1

Count  = 0, Weight = -1, Max accurate weight = 4
Reference point: 
( 0.000000e+00, 0.000000e+00 )( 0.000000e+00, 0.000000e+00 )( 0.000000e+00, 0.000000e+00 )( 0.000000e+00, 0.000000e+00 )( 0.000000e+00, 0.000000e+00 )( 0.000000e+00, 0.000000e+00 )



JetCVector::printCoeffs(): Component 2

Count  = 0, Weight = -1, Max accurate weight = 4
Reference point: 
( 0.000000e+00, 0.000000e+00 )( 0.000000e+00, 0.000000e+00 )( 0.000000e+00, 0.000000e+00 )( 0.000000e+00, 0.000000e+00 )( 0.000000e+00, 0.000000e+00 )( 0.000000e+00, 0.000000e+00 )



JetCVector::printCoeffs(): Component 3

Count  = 0, Weight = -1, Max accurate weight = 4
Reference point: 
( 0.000000e+00, 0.000000e+00 )( 0.000000e+00, 0.000000e+00 )( 0.000000e+00, 0.000000e+00 )( 0.000000e+00, 0.000000e+00 )( 0.000000e+00, 0.000000e+00 )( 0.000000e+00, 0.000000e+00 )



JetCVector::printCoeffs(): Component 4

Count  = 0, Weight = -1, Max accurate weight = 4
Reference point: 
( 0.000000e+00, 0.000000e+00 )( 0.000000e+00, 0.000000e+00 )( 0.000000e+00, 0.000000e+00 )( 0.000000e+00, 0.000000e+00 )( 0.000000e+00, 0.000000e+00 )( 0.000000e+00, 0.000000e+00 )



JetCVector::printCoeffs(): Component 5

Count  = 0, Weight = -1, Max accurate weight = 4
Reference point: 
( 0.000000e+00, 0.000000e+00 )( 0.000000e+00, 0.000000e+00 )( 0.000000e+00, 0.000000e+00 )( 0.000000e+00, 0.000000e+00 )( 0.000000e+00, 0.000000e+00 )( 0.000000e+00, 0.000000e+00 )



End JetCVector::printCoeffs() ......

Terms of degree 3 _ _ _ _ _ _ _ _ _ _ _ _ _ _


Begin JetCVector::printCoeffs() ......
Dimension: 6, Weight = 3, Max accurate weight = 4
JetCVector reference point: 
( 0.000000e+00,  0.000000e+00 )( 0.000000e+00,  0.000000e+00 )( 0.000000e+00,  0.000000e+00 )( 0.000000e+00,  0.000000e+00 )( 0.000000e+00,  0.000000e+00 )( 0.000000e+00,  0.000000e+00 )

JetCVector::printCoeffs(): Component 0

Count  = 8, Weight = 3, Max accurate weight = 4
Reference point: 
( 0.000000e+00, 0.000000e+00 )( 0.000000e+00, 0.000000e+00 )( 0.000000e+00, 0.000000e+00 )( 0.000000e+00, 0.000000e+00 )( 0.000000e+00, 0.000000e+00 )( 0.000000e+00, 0.000000e+00 )

Index:    0  0  0  1  2  0   Value:   7.205426e-01   -1.336157e-02  
Index:    0  0  0  3  0  0   Value:  -2.564940e-02    2.270840e-01  
Index:    0  1  0  1  1  0   Value:  -1.547509e+00    1.585394e+00  
Index:    0  2  0  1  0  0   Value:  -3.016743e+15    5.127334e+15  
Index:    1  0  0  0  2  0   Value:  -8.027232e-01   -7.561058e-01  
Index:    1  0  0  2  0  0   Value:   8.502264e-01   -7.108257e-01  
Index:    1  2  0  0  0  0   Value:   8.053278e-01   -7.179587e-01  
Index:    3  0  0  0  0  0   Value:  -2.451728e-01   -2.369419e-01  


JetCVector::printCoeffs(): Component 1

Count  = 8, Weight = 3, Max accurate weight = 4
Reference point: 
( 0.000000e+00, 0.000000e+00 )( 0.000000e+00, 0.000000e+00 )( 0.000000e+00, 0.000000e+00 )( 0.000000e+00, 0.000000e+00 )( 0.000000e+00, 0.000000e+00 )( 0.000000e+00, 0.000000e+00 )

Index:    0  0  0  0  3  0   Value:  -5.454657e-03   -2.638215e-01  
Index:    0  0  0  2  1  0   Value:   7.613832e-01   -1.057303e-02  
Index:    0  1  0  0  2  0   Value:   7.670918e-01    6.770230e-01  
Index:    0  1  0  2  0  0   Value:  -7.737545e-01    7.517613e-01  
Index:    0  3  0  0  0  0   Value:  -2.530927e-01    2.638215e-01  
Index:    1  0  0  1  1  0   Value:  -1.687127e+00   -1.517789e+00  
Index:    2  0  0  0  1  0   Value:   3.020506e+14    4.423804e+15  
Index:    2  1  0  0  0  0   Value:   8.119904e-01    7.517613e-01  


JetCVector::printCoeffs(): Component 2

Count  = 0, Weight = -1, Max accurate weight = 4
Reference point: 
( 0.000000e+00, 0.000000e+00 )( 0.000000e+00, 0.000000e+00 )( 0.000000e+00, 0.000000e+00 )( 0.000000e+00, 0.000000e+00 )( 0.000000e+00, 0.000000e+00 )( 0.000000e+00, 0.000000e+00 )



JetCVector::printCoeffs(): Component 3

Count  = 8, Weight = 3, Max accurate weight = 4
Reference point: 
( 0.000000e+00, 0.000000e+00 )( 0.000000e+00, 0.000000e+00 )( 0.000000e+00, 0.000000e+00 )( 0.000000e+00, 0.000000e+00 )( 0.000000e+00, 0.000000e+00 )( 0.000000e+00, 0.000000e+00 )

Index:    0  0  0  1  2  0   Value:   8.053278e-01    7.179587e-01  
Index:    0  0  0  3  0  0   Value:  -2.451728e-01    2.369419e-01  
Index:    0  2  0  1  0  0   Value:  -8.027232e-01    7.561058e-01  
Index:    1  0  0  0  2  0   Value:  -3.016743e+15   -5.127334e+15  
Index:    1  1  0  0  1  0   Value:  -1.547509e+00   -1.585394e+00  
Index:    1  2  0  0  0  0   Value:   7.205426e-01    1.336157e-02  
Index:    2  0  0  1  0  0   Value:   8.502264e-01    7.108257e-01  
Index:    3  0  0  0  0  0   Value:  -2.564940e-02   -2.270840e-01  


JetCVector::printCoeffs(): Component 4

Count  = 8, Weight = 3, Max accurate weight = 4
Reference point: 
( 0.000000e+00, 0.000000e+00 )( 0.000000e+00, 0.000000e+00 )( 0.000000e+00, 0.000000e+00 )( 0.000000e+00, 0.000000e+00 )( 0.000000e+00, 0.000000e+00 )( 0.000000e+00, 0.000000e+00 )

Index:    0  0  0  0  3  0   Value:  -2.530927e-01   -2.638215e-01  
Index:    0  0  0  2  1  0   Value:   8.119904e-01   -7.517613e-01  
Index:    0  1  0  2  0  0   Value:   3.020506e+14   -4.423804e+15  
Index:    0  2  0  0  1  0   Value:   7.670918e-01   -6.770230e-01  
Index:    0  3  0  0  0  0   Value:  -5.454657e-03    2.638215e-01  
Index:    1  1  0  1  0  0   Value:  -1.687127e+00    1.517789e+00  
Index:    2  0  0  0  1  0   Value:  -7.737545e-01   -7.517613e-01  
Index:    2  1  0  0  0  0   Value:   7.613832e-01    1.057303e-02  


JetCVector::printCoeffs(): Component 5

Count  = 0, Weight = -1, Max accurate weight = 4
Reference point: 
( 0.000000e+00, 0.000000e+00 )( 0.000000e+00, 0.000000e+00 )( 0.000000e+00, 0.000000e+00 )( 0.000000e+00, 0.000000e+00 )( 0.000000e+00, 0.000000e+00 )( 0.000000e+00, 0.000000e+00 )



End JetCVector::printCoeffs() ......

Terms of degree 4 _ _ _ _ _ _ _ _ _ _ _ _ _ _


Begin JetCVector::printCoeffs() ......
Dimension: 6, Weight = -1, Max accurate weight = 4
JetCVector reference point: 
( 0.000000e+00,  0.000000e+00 )( 0.000000e+00,  0.000000e+00 )( 0.000000e+00,  0.000000e+00 )( 0.000000e+00,  0.000000e+00 )( 0.000000e+00,  0.000000e+00 )( 0.000000e+00,  0.000000e+00 )

JetCVector::printCoeffs(): Component 0

Count  = 0, Weight = -1, Max accurate weight = 4
Reference point: 
( 0.000000e+00, 0.000000e+00 )( 0.000000e+00, 0.000000e+00 )( 0.000000e+00, 0.000000e+00 )( 0.000000e+00, 0.000000e+00 )( 0.000000e+00, 0.000000e+00 )( 0.000000e+00, 0.000000e+00 )



JetCVector::printCoeffs(): Component 1

Count  = 0, Weight = -1, Max accurate weight = 4
Reference point: 
( 0.000000e+00, 0.000000e+00 )( 0.000000e+00, 0.000000e+00 )( 0.000000e+00, 0.000000e+00 )( 0.000000e+00, 0.000000e+00 )( 0.000000e+00, 0.000000e+00 )( 0.000000e+00, 0.000000e+00 )



JetCVector::printCoeffs(): Component 2

Count  = 0, Weight = -1, Max accurate weight = 4
Reference point: 
( 0.000000e+00, 0.000000e+00 )( 0.000000e+00, 0.000000e+00 )( 0.000000e+00, 0.000000e+00 )( 0.000000e+00, 0.000000e+00 )( 0.000000e+00, 0.000000e+00 )( 0.000000e+00, 0.000000e+00 )



JetCVector::printCoeffs(): Component 3

Count  = 0, Weight = -1, Max accurate weight = 4
Reference point: 
( 0.000000e+00, 0.000000e+00 )( 0.000000e+00, 0.000000e+00 )( 0.000000e+00, 0.000000e+00 )( 0.000000e+00, 0.000000e+00 )( 0.000000e+00, 0.000000e+00 )( 0.000000e+00, 0.000000e+00 )



JetCVector::printCoeffs(): Component 4

Count  = 0, Weight = -1, Max accurate weight = 4
Reference point: 
( 0.000000e+00, 0.000000e+00 )( 0.000000e+00, 0.000000e+00 )( 0.000000e+00, 0.000000e+00 )( 0.000000e+00, 0.000000e+00 )( 0.000000e+00, 0.000000e+00 )( 0.000000e+00, 0.000000e+00 )



JetCVector::printCoeffs(): Component 5

Count  = 0, Weight = -1, Max accurate weight = 4
Reference point: 
( 0.000000e+00, 0.000000e+00 )( 0.000000e+00, 0.000000e+00 )( 0.000000e+00, 0.000000e+00 )( 0.000000e+00, 0.000000e+00 )( 0.000000e+00, 0.000000e+00 )( 0.000000e+00, 0.000000e+00 )



End JetCVector::printCoeffs() ......


*** WARNING *** 
*** WARNING *** Inserting beamlines into beamlines provides
*** WARNING *** unreliable geometry information.
*** WARNING *** This will be fixed.
*** WARNING *** 
