Command line: norm_B  4  2  5  7  0.01

As computed by EdwardsTeng
beta.hor  14.0326
beta.ver  14.0326
alpha.hor 1.07061
alpha.ver -1.07061
phi       0
D 
( 0, 0,  )
( 0, 0,  )


Predicted horizontal frequency shift coefficient: 1.4768531
Predicted vertical   frequency shift coefficient: 1.4768531

We are going to subtract ( 0, 0, 0, 0, 0, 0 )

Computed horizontal beta = (14.032596, 0)
Computed horizontal alpha = 1.0706068
Calculated horizontal frequency shift coefficient: 1.4768531
The normal Form _______________________________
Terms of degree 2_ _ _ _ _ _ _ _ _ _ _ _ _ _


Begin JetCVector::printCoeffs() ......
Dimension: 6, Weight = -1, Max accurate weight = 4
JetCVector reference point: 
( 0.000000e+00,  0.000000e+00 )( 0.000000e+00,  0.000000e+00 )( 0.000000e+00,  0.000000e+00 )( 0.000000e+00,  0.000000e+00 )( 0.000000e+00,  0.000000e+00 )( 0.000000e+00,  0.000000e+00 )

JetCVector::printCoeffs(): Component 0

Count  = 0, Weight = -1, Max accurate weight = 4
Reference point: 
( 0.000000e+00, 0.000000e+00 )( 0.000000e+00, 0.000000e+00 )( 0.000000e+00, 0.000000e+00 )( 0.000000e+00, 0.000000e+00 )( 0.000000e+00, 0.000000e+00 )( 0.000000e+00, 0.000000e+00 )



JetCVector::printCoeffs(): Component 1

Count  = 0, Weight = -1, Max accurate weight = 4
Reference point: 
( 0.000000e+00, 0.000000e+00 )( 0.000000e+00, 0.000000e+00 )( 0.000000e+00, 0.000000e+00 )( 0.000000e+00, 0.000000e+00 )( 0.000000e+00, 0.000000e+00 )( 0.000000e+00, 0.000000e+00 )



JetCVector::printCoeffs(): Component 2

Count  = 0, Weight = -1, Max accurate weight = 4
Reference point: 
( 0.000000e+00, 0.000000e+00 )( 0.000000e+00, 0.000000e+00 )( 0.000000e+00, 0.000000e+00 )( 0.000000e+00, 0.000000e+00 )( 0.000000e+00, 0.000000e+00 )( 0.000000e+00, 0.000000e+00 )



JetCVector::printCoeffs(): Component 3

Count  = 0, Weight = -1, Max accurate weight = 4
Reference point: 
( 0.000000e+00, 0.000000e+00 )( 0.000000e+00, 0.000000e+00 )( 0.000000e+00, 0.000000e+00 )( 0.000000e+00, 0.000000e+00 )( 0.000000e+00, 0.000000e+00 )( 0.000000e+00, 0.000000e+00 )



JetCVector::printCoeffs(): Component 4

Count  = 0, Weight = -1, Max accurate weight = 4
Reference point: 
( 0.000000e+00, 0.000000e+00 )( 0.000000e+00, 0.000000e+00 )( 0.000000e+00, 0.000000e+00 )( 0.000000e+00, 0.000000e+00 )( 0.000000e+00, 0.000000e+00 )( 0.000000e+00, 0.000000e+00 )



JetCVector::printCoeffs(): Component 5

Count  = 0, Weight = -1, Max accurate weight = 4
Reference point: 
( 0.000000e+00, 0.000000e+00 )( 0.000000e+00, 0.000000e+00 )( 0.000000e+00, 0.000000e+00 )( 0.000000e+00, 0.000000e+00 )( 0.000000e+00, 0.000000e+00 )( 0.000000e+00, 0.000000e+00 )



End JetCVector::printCoeffs() ......

Terms of degree 3_ _ _ _ _ _ _ _ _ _ _ _ _ _


Begin JetCVector::printCoeffs() ......
Dimension: 6, Weight = 3, Max accurate weight = 4
JetCVector reference point: 
( 0.000000e+00,  0.000000e+00 )( 0.000000e+00,  0.000000e+00 )( 0.000000e+00,  0.000000e+00 )( 0.000000e+00,  0.000000e+00 )( 0.000000e+00,  0.000000e+00 )( 0.000000e+00,  0.000000e+00 )

JetCVector::printCoeffs(): Component 0

Count  = 2, Weight = 3, Max accurate weight = 4
Reference point: 
( 0.000000e+00, 0.000000e+00 )( 0.000000e+00, 0.000000e+00 )( 0.000000e+00, 0.000000e+00 )( 0.000000e+00, 0.000000e+00 )( 0.000000e+00, 0.000000e+00 )( 0.000000e+00, 0.000000e+00 )

Index:    1  1  0  0  1  0   Value:  -8.881784e-16   -2.953706e+00  
Index:    2  0  0  1  0  0   Value:   4.850801e-16    1.476853e+00  


JetCVector::printCoeffs(): Component 1

Count  = 2, Weight = 3, Max accurate weight = 4
Reference point: 
( 0.000000e+00, 0.000000e+00 )( 0.000000e+00, 0.000000e+00 )( 0.000000e+00, 0.000000e+00 )( 0.000000e+00, 0.000000e+00 )( 0.000000e+00, 0.000000e+00 )( 0.000000e+00, 0.000000e+00 )

Index:    0  2  0  0  1  0   Value:   1.810537e-16    1.476853e+00  
Index:    1  1  0  1  0  0   Value:  -8.881784e-16   -2.953706e+00  


JetCVector::printCoeffs(): Component 2

Count  = 0, Weight = -1, Max accurate weight = 4
Reference point: 
( 0.000000e+00, 0.000000e+00 )( 0.000000e+00, 0.000000e+00 )( 0.000000e+00, 0.000000e+00 )( 0.000000e+00, 0.000000e+00 )( 0.000000e+00, 0.000000e+00 )( 0.000000e+00, 0.000000e+00 )



JetCVector::printCoeffs(): Component 3

Count  = 2, Weight = 3, Max accurate weight = 4
Reference point: 
( 0.000000e+00, 0.000000e+00 )( 0.000000e+00, 0.000000e+00 )( 0.000000e+00, 0.000000e+00 )( 0.000000e+00, 0.000000e+00 )( 0.000000e+00, 0.000000e+00 )( 0.000000e+00, 0.000000e+00 )

Index:    0  1  0  1  1  0   Value:  -4.850801e-16    2.953706e+00  
Index:    1  0  0  2  0  0   Value:   6.456384e-16   -1.476853e+00  


JetCVector::printCoeffs(): Component 4

Count  = 2, Weight = 3, Max accurate weight = 4
Reference point: 
( 0.000000e+00, 0.000000e+00 )( 0.000000e+00, 0.000000e+00 )( 0.000000e+00, 0.000000e+00 )( 0.000000e+00, 0.000000e+00 )( 0.000000e+00, 0.000000e+00 )( 0.000000e+00, 0.000000e+00 )

Index:    0  1  0  0  2  0   Value:   2.049545e-17   -1.476853e+00  
Index:    1  0  0  1  1  0   Value:  -1.735366e-15    2.953706e+00  


JetCVector::printCoeffs(): Component 5

Count  = 0, Weight = -1, Max accurate weight = 4
Reference point: 
( 0.000000e+00, 0.000000e+00 )( 0.000000e+00, 0.000000e+00 )( 0.000000e+00, 0.000000e+00 )( 0.000000e+00, 0.000000e+00 )( 0.000000e+00, 0.000000e+00 )( 0.000000e+00, 0.000000e+00 )



End JetCVector::printCoeffs() ......

Terms of degree 4_ _ _ _ _ _ _ _ _ _ _ _ _ _


Begin JetCVector::printCoeffs() ......
Dimension: 6, Weight = -1, Max accurate weight = 4
JetCVector reference point: 
( 0.000000e+00,  0.000000e+00 )( 0.000000e+00,  0.000000e+00 )( 0.000000e+00,  0.000000e+00 )( 0.000000e+00,  0.000000e+00 )( 0.000000e+00,  0.000000e+00 )( 0.000000e+00,  0.000000e+00 )

JetCVector::printCoeffs(): Component 0

Count  = 0, Weight = -1, Max accurate weight = 4
Reference point: 
( 0.000000e+00, 0.000000e+00 )( 0.000000e+00, 0.000000e+00 )( 0.000000e+00, 0.000000e+00 )( 0.000000e+00, 0.000000e+00 )( 0.000000e+00, 0.000000e+00 )( 0.000000e+00, 0.000000e+00 )



JetCVector::printCoeffs(): Component 1

Count  = 0, Weight = -1, Max accurate weight = 4
Reference point: 
( 0.000000e+00, 0.000000e+00 )( 0.000000e+00, 0.000000e+00 )( 0.000000e+00, 0.000000e+00 )( 0.000000e+00, 0.000000e+00 )( 0.000000e+00, 0.000000e+00 )( 0.000000e+00, 0.000000e+00 )



JetCVector::printCoeffs(): Component 2

Count  = 0, Weight = -1, Max accurate weight = 4
Reference point: 
( 0.000000e+00, 0.000000e+00 )( 0.000000e+00, 0.000000e+00 )( 0.000000e+00, 0.000000e+00 )( 0.000000e+00, 0.000000e+00 )( 0.000000e+00, 0.000000e+00 )( 0.000000e+00, 0.000000e+00 )



JetCVector::printCoeffs(): Component 3

Count  = 0, Weight = -1, Max accurate weight = 4
Reference point: 
( 0.000000e+00, 0.000000e+00 )( 0.000000e+00, 0.000000e+00 )( 0.000000e+00, 0.000000e+00 )( 0.000000e+00, 0.000000e+00 )( 0.000000e+00, 0.000000e+00 )( 0.000000e+00, 0.000000e+00 )



JetCVector::printCoeffs(): Component 4

Count  = 0, Weight = -1, Max accurate weight = 4
Reference point: 
( 0.000000e+00, 0.000000e+00 )( 0.000000e+00, 0.000000e+00 )( 0.000000e+00, 0.000000e+00 )( 0.000000e+00, 0.000000e+00 )( 0.000000e+00, 0.000000e+00 )( 0.000000e+00, 0.000000e+00 )



JetCVector::printCoeffs(): Component 5

Count  = 0, Weight = -1, Max accurate weight = 4
Reference point: 
( 0.000000e+00, 0.000000e+00 )( 0.000000e+00, 0.000000e+00 )( 0.000000e+00, 0.000000e+00 )( 0.000000e+00, 0.000000e+00 )( 0.000000e+00, 0.000000e+00 )( 0.000000e+00, 0.000000e+00 )



End JetCVector::printCoeffs() ......

The transformation ____________________________
Terms of degree 2 _ _ _ _ _ _ _ _ _ _ _ _ _ _


Begin JetCVector::printCoeffs() ......
Dimension: 6, Weight = -1, Max accurate weight = 4
JetCVector reference point: 
( 0.000000e+00,  0.000000e+00 )( 0.000000e+00,  0.000000e+00 )( 0.000000e+00,  0.000000e+00 )( 0.000000e+00,  0.000000e+00 )( 0.000000e+00,  0.000000e+00 )( 0.000000e+00,  0.000000e+00 )

JetCVector::printCoeffs(): Component 0

Count  = 0, Weight = -1, Max accurate weight = 4
Reference point: 
( 0.000000e+00, 0.000000e+00 )( 0.000000e+00, 0.000000e+00 )( 0.000000e+00, 0.000000e+00 )( 0.000000e+00, 0.000000e+00 )( 0.000000e+00, 0.000000e+00 )( 0.000000e+00, 0.000000e+00 )



JetCVector::printCoeffs(): Component 1

Count  = 0, Weight = -1, Max accurate weight = 4
Reference point: 
( 0.000000e+00, 0.000000e+00 )( 0.000000e+00, 0.000000e+00 )( 0.000000e+00, 0.000000e+00 )( 0.000000e+00, 0.000000e+00 )( 0.000000e+00, 0.000000e+00 )( 0.000000e+00, 0.000000e+00 )



JetCVector::printCoeffs(): Component 2

Count  = 0, Weight = -1, Max accurate weight = 4
Reference point: 
( 0.000000e+00, 0.000000e+00 )( 0.000000e+00, 0.000000e+00 )( 0.000000e+00, 0.000000e+00 )( 0.000000e+00, 0.000000e+00 )( 0.000000e+00, 0.000000e+00 )( 0.000000e+00, 0.000000e+00 )



JetCVector::printCoeffs(): Component 3

Count  = 0, Weight = -1, Max accurate weight = 4
Reference point: 
( 0.000000e+00, 0.000000e+00 )( 0.000000e+00, 0.000000e+00 )( 0.000000e+00, 0.000000e+00 )( 0.000000e+00, 0.000000e+00 )( 0.000000e+00, 0.000000e+00 )( 0.000000e+00, 0.000000e+00 )



JetCVector::printCoeffs(): Component 4

Count  = 0, Weight = -1, Max accurate weight = 4
Reference point: 
( 0.000000e+00, 0.000000e+00 )( 0.000000e+00, 0.000000e+00 )( 0.000000e+00, 0.000000e+00 )( 0.000000e+00, 0.000000e+00 )( 0.000000e+00, 0.000000e+00 )( 0.000000e+00, 0.000000e+00 )



JetCVector::printCoeffs(): Component 5

Count  = 0, Weight = -1, Max accurate weight = 4
Reference point: 
( 0.000000e+00, 0.000000e+00 )( 0.000000e+00, 0.000000e+00 )( 0.000000e+00, 0.000000e+00 )( 0.000000e+00, 0.000000e+00 )( 0.000000e+00, 0.000000e+00 )( 0.000000e+00, 0.000000e+00 )



End JetCVector::printCoeffs() ......

Terms of degree 3 _ _ _ _ _ _ _ _ _ _ _ _ _ _


Begin JetCVector::printCoeffs() ......
Dimension: 6, Weight = 3, Max accurate weight = 4
JetCVector reference point: 
( 0.000000e+00,  0.000000e+00 )( 0.000000e+00,  0.000000e+00 )( 0.000000e+00,  0.000000e+00 )( 0.000000e+00,  0.000000e+00 )( 0.000000e+00,  0.000000e+00 )( 0.000000e+00,  0.000000e+00 )

JetCVector::printCoeffs(): Component 0

Count  = 8, Weight = 3, Max accurate weight = 4
Reference point: 
( 0.000000e+00, 0.000000e+00 )( 0.000000e+00, 0.000000e+00 )( 0.000000e+00, 0.000000e+00 )( 0.000000e+00, 0.000000e+00 )( 0.000000e+00, 0.000000e+00 )( 0.000000e+00, 0.000000e+00 )

Index:    0  0  0  1  2  0   Value:   4.899773e-01    3.363475e+00  
Index:    0  0  0  3  0  0   Value:  -1.143412e+00    7.373083e-02  
Index:    0  1  0  1  1  0   Value:  -1.446294e+00    1.030174e-01  
Index:    0  2  0  1  0  0   Value:  -1.188396e+14    1.740513e+15  
Index:    1  0  0  0  2  0   Value:  -5.980919e-02   -7.561058e-01  
Index:    1  0  0  2  0  0   Value:   7.996191e-01    3.036264e-02  
Index:    1  2  0  0  0  0   Value:   6.241381e-02   -7.179587e-01  
Index:    3  0  0  0  0  0   Value:  -2.283038e-01    1.012088e-02  


JetCVector::printCoeffs(): Component 1

Count  = 8, Weight = 3, Max accurate weight = 4
Reference point: 
( 0.000000e+00, 0.000000e+00 )( 0.000000e+00, 0.000000e+00 )( 0.000000e+00, 0.000000e+00 )( 0.000000e+00, 0.000000e+00 )( 0.000000e+00, 0.000000e+00 )( 0.000000e+00, 0.000000e+00 )

Index:    0  0  0  0  3  0   Value:   1.122778e+00   -2.638215e-01  
Index:    0  0  0  2  1  0   Value:   5.308179e-01    3.366264e+00  
Index:    0  1  0  0  2  0   Value:   2.417786e-02    6.770230e-01  
Index:    0  1  0  2  0  0   Value:  -7.231472e-01    1.057303e-02  
Index:    0  3  0  0  0  0   Value:  -5.454657e-03    2.638215e-01  
Index:    1  0  0  1  1  0   Value:  -2.012995e-01   -1.517789e+00  
Index:    2  0  0  0  1  0   Value:   7.933680e+14    1.127827e+15  
Index:    2  1  0  0  0  0   Value:   7.613832e-01    1.057303e-02  


JetCVector::printCoeffs(): Component 2

Count  = 0, Weight = -1, Max accurate weight = 4
Reference point: 
( 0.000000e+00, 0.000000e+00 )( 0.000000e+00, 0.000000e+00 )( 0.000000e+00, 0.000000e+00 )( 0.000000e+00, 0.000000e+00 )( 0.000000e+00, 0.000000e+00 )( 0.000000e+00, 0.000000e+00 )



JetCVector::printCoeffs(): Component 3

Count  = 8, Weight = 3, Max accurate weight = 4
Reference point: 
( 0.000000e+00, 0.000000e+00 )( 0.000000e+00, 0.000000e+00 )( 0.000000e+00, 0.000000e+00 )( 0.000000e+00, 0.000000e+00 )( 0.000000e+00, 0.000000e+00 )( 0.000000e+00, 0.000000e+00 )

Index:    0  0  0  1  2  0   Value:   6.241381e-02    7.179587e-01  
Index:    0  0  0  3  0  0   Value:  -2.283038e-01   -1.012088e-02  
Index:    0  2  0  1  0  0   Value:  -5.980919e-02    7.561058e-01  
Index:    1  0  0  0  2  0   Value:  -1.188396e+14   -1.740513e+15  
Index:    1  1  0  0  1  0   Value:  -1.446294e+00   -1.030174e-01  
Index:    1  2  0  0  0  0   Value:   4.899773e-01   -3.363475e+00  
Index:    2  0  0  1  0  0   Value:   7.996191e-01   -3.036264e-02  
Index:    3  0  0  0  0  0   Value:  -1.143412e+00   -7.373083e-02  


JetCVector::printCoeffs(): Component 4

Count  = 8, Weight = 3, Max accurate weight = 4
Reference point: 
( 0.000000e+00, 0.000000e+00 )( 0.000000e+00, 0.000000e+00 )( 0.000000e+00, 0.000000e+00 )( 0.000000e+00, 0.000000e+00 )( 0.000000e+00, 0.000000e+00 )( 0.000000e+00, 0.000000e+00 )

Index:    0  0  0  0  3  0   Value:  -5.454657e-03   -2.638215e-01  
Index:    0  0  0  2  1  0   Value:   7.613832e-01   -1.057303e-02  
Index:    0  1  0  2  0  0   Value:   7.933680e+14   -1.127827e+15  
Index:    0  2  0  0  1  0   Value:   2.417786e-02   -6.770230e-01  
Index:    0  3  0  0  0  0   Value:   1.122778e+00    2.638215e-01  
Index:    1  1  0  1  0  0   Value:  -2.012995e-01    1.517789e+00  
Index:    2  0  0  0  1  0   Value:  -7.231472e-01   -1.057303e-02  
Index:    2  1  0  0  0  0   Value:   5.308179e-01   -3.366264e+00  


JetCVector::printCoeffs(): Component 5

Count  = 0, Weight = -1, Max accurate weight = 4
Reference point: 
( 0.000000e+00, 0.000000e+00 )( 0.000000e+00, 0.000000e+00 )( 0.000000e+00, 0.000000e+00 )( 0.000000e+00, 0.000000e+00 )( 0.000000e+00, 0.000000e+00 )( 0.000000e+00, 0.000000e+00 )



End JetCVector::printCoeffs() ......

Terms of degree 4 _ _ _ _ _ _ _ _ _ _ _ _ _ _


Begin JetCVector::printCoeffs() ......
Dimension: 6, Weight = -1, Max accurate weight = 4
JetCVector reference point: 
( 0.000000e+00,  0.000000e+00 )( 0.000000e+00,  0.000000e+00 )( 0.000000e+00,  0.000000e+00 )( 0.000000e+00,  0.000000e+00 )( 0.000000e+00,  0.000000e+00 )( 0.000000e+00,  0.000000e+00 )

JetCVector::printCoeffs(): Component 0

Count  = 0, Weight = -1, Max accurate weight = 4
Reference point: 
( 0.000000e+00, 0.000000e+00 )( 0.000000e+00, 0.000000e+00 )( 0.000000e+00, 0.000000e+00 )( 0.000000e+00, 0.000000e+00 )( 0.000000e+00, 0.000000e+00 )( 0.000000e+00, 0.000000e+00 )



JetCVector::printCoeffs(): Component 1

Count  = 0, Weight = -1, Max accurate weight = 4
Reference point: 
( 0.000000e+00, 0.000000e+00 )( 0.000000e+00, 0.000000e+00 )( 0.000000e+00, 0.000000e+00 )( 0.000000e+00, 0.000000e+00 )( 0.000000e+00, 0.000000e+00 )( 0.000000e+00, 0.000000e+00 )



JetCVector::printCoeffs(): Component 2

Count  = 0, Weight = -1, Max accurate weight = 4
Reference point: 
( 0.000000e+00, 0.000000e+00 )( 0.000000e+00, 0.000000e+00 )( 0.000000e+00, 0.000000e+00 )( 0.000000e+00, 0.000000e+00 )( 0.000000e+00, 0.000000e+00 )( 0.000000e+00, 0.000000e+00 )



JetCVector::printCoeffs(): Component 3

Count  = 0, Weight = -1, Max accurate weight = 4
Reference point: 
( 0.000000e+00, 0.000000e+00 )( 0.000000e+00, 0.000000e+00 )( 0.000000e+00, 0.000000e+00 )( 0.000000e+00, 0.000000e+00 )( 0.000000e+00, 0.000000e+00 )( 0.000000e+00, 0.000000e+00 )



JetCVector::printCoeffs(): Component 4

Count  = 0, Weight = -1, Max accurate weight = 4
Reference point: 
( 0.000000e+00, 0.000000e+00 )( 0.000000e+00, 0.000000e+00 )( 0.000000e+00, 0.000000e+00 )( 0.000000e+00, 0.000000e+00 )( 0.000000e+00, 0.000000e+00 )( 0.000000e+00, 0.000000e+00 )



JetCVector::printCoeffs(): Component 5

Count  = 0, Weight = -1, Max accurate weight = 4
Reference point: 
( 0.000000e+00, 0.000000e+00 )( 0.000000e+00, 0.000000e+00 )( 0.000000e+00, 0.000000e+00 )( 0.000000e+00, 0.000000e+00 )( 0.000000e+00, 0.000000e+00 )( 0.000000e+00, 0.000000e+00 )



End JetCVector::printCoeffs() ......


*** WARNING *** 
*** WARNING *** Inserting beamlines into beamlines provides
*** WARNING *** unreliable geometry information.
*** WARNING *** This will be fixed.
*** WARNING *** 
